#
# There is insufficient memory for the Java Runtime Environment to continue.
# Native memory allocation (mmap) failed to map 419430400 bytes. Error detail: G1 virtual space
# Possible reasons:
#   The system is out of physical RAM or swap space
#   This process is running with CompressedOops enabled, and the Java Heap may be blocking the growth of the native heap
# Possible solutions:
#   Reduce memory load on the system
#   Increase physical memory or swap space
#   Check if swap backing store is full
#   Decrease Java heap size (-Xmx/-Xms)
#   Decrease number of Java threads
#   Decrease Java thread stack sizes (-Xss)
#   Set larger code cache with -XX:ReservedCodeCacheSize=
#   JVM is running with Zero Based Compressed Oops mode in which the Java heap is
#     placed in the first 32GB address space. The Java Heap base address is the
#     maximum limit for the native heap growth. Please use -XX:HeapBaseMinAddress
#     to set the Java Heap base and to place the Java Heap above 32GB virtual address.
# This output file may be truncated or incomplete.
#
#  Out of Memory Error (os_windows.cpp:3707), pid=159512, tid=153376
#
# JRE version: OpenJDK Runtime Environment (23.0.2+7) (build 23.0.2+7-58)
# Java VM: OpenJDK 64-Bit Server VM (23.0.2+7-58, mixed mode, sharing, tiered, compressed oops, compressed class ptrs, g1 gc, windows-amd64)
# No core dump will be written. Minidumps are not enabled by default on client versions of Windows
#

---------------  S U M M A R Y ------------

Command Line: -javaagent:C:\Program Files\JetBrains\IntelliJ IDEA 2024.2.0.2\lib\idea_rt.jar=10549:C:\Program Files\JetBrains\IntelliJ IDEA 2024.2.0.2\bin -Dfile.encoding=UTF-8 -Dsun.stdout.encoding=UTF-8 -Dsun.stderr.encoding=UTF-8 --module-path=C:\Users\lenovo\.m2\repository\com\github\almasb\fxgl\17.3\fxgl-17.3.jar;C:\Users\lenovo\.m2\repository\org\openjfx\javafx-base\17.0.6\javafx-base-17.0.6-win.jar;C:\Users\lenovo\.m2\repository\org\kordamp\bootstrapfx\bootstrapfx-core\0.4.0\bootstrapfx-core-0.4.0.jar;C:\Users\lenovo\.m2\repository\net\synedra\validatorfx\0.5.0\validatorfx-0.5.0.jar;C:\Users\lenovo\.m2\repository\org\openjfx\javafx-web\17.0.6\javafx-web-17.0.6-win.jar;C:\Users\lenovo\.m2\repository\org\openjfx\javafx-fxml\17.0.6\javafx-fxml-17.0.6-win.jar;C:\Users\lenovo\.m2\repository\org\openjfx\javafx-swing\17.0.6\javafx-swing-17.0.6-win.jar;C:\Users\lenovo\.m2\repository\com\github\almasb\fxgl-io\17.3\fxgl-io-17.3.jar;C:\Users\lenovo\.m2\repository\org\jetbrains\kotlin\kotlin-stdlib\1.8.10\kotlin-stdlib-1.8.10.jar;C:\Users\lenovo\.m2\repository\com\dlsc\formsfx\formsfx-core\11.6.0\formsfx-core-11.6.0.jar;C:\Users\lenovo\.m2\repository\org\kordamp\ikonli\ikonli-javafx\12.3.1\ikonli-javafx-12.3.1.jar;C:\Users\lenovo\.m2\repository\eu\hansolo\toolbox\21.0.5\toolbox-21.0.5.jar;C:\Users\lenovo\.m2\repository\com\gluonhq\attach\audio\4.0.17\audio-4.0.17.jar;C:\Users\lenovo\.m2\repository\org\openjfx\javafx-controls\17.0.6\javafx-controls-17.0.6-win.jar;C:\Users\lenovo\.m2\repository\org\controlsfx\controlsfx\11.2.1\controlsfx-11.2.1.jar;C:\Users\lenovo\.m2\repository\com\fasterxml\jackson\core\jackson-annotations\2.14.2\jackson-annotations-2.14.2.jar;C:\Users\lenovo\Desktop\Zero_To_Hero\target\classes;C:\Users\lenovo\.m2\repository\org\kordamp\ikonli\ikonli-core\12.3.1\ikonli-core-12.3.1.jar;C:\Users\lenovo\.m2\repository\eu\hansolo\fx\countries\21.0.3\countries-21.0.3.jar;C:\Users\lenovo\.m2\repository\org\openjfx\javafx-graphics\17.0.6\javafx-graphics-17.0.6-win.jar;C:\Users\lenovo\.m2\repository\com\gluonhq\attach\storage\4.0.17\storage-4.0.17.jar;C:\Users\lenovo\.m2\repository\com\fasterxml\jackson\core\jackson-databind\2.14.2\jackson-databind-2.14.2.jar;C:\Users\lenovo\.m2\repository-Djdk.module.main=quizzapp.zero_to_hero quizzapp.zero_to_hero/quizzapp.zero_to_hero.Quiz

Host: 12th Gen Intel(R) Core(TM) i5-12450H, 12 cores, 15G,  Windows 11 , 64 bit Build 26100 (10.0.26100.3037)
Time: Sat May  3 18:30:03 2025 Middle East Daylight Time elapsed time: 3.304922 seconds (0d 0h 0m 3s)

---------------  T H R E A D  ---------------

Current thread (0x0000022efd378d90):  VMThread "VM Thread"          [id=153376, stack(0x00000063c3400000,0x00000063c3500000) (1024K)]

Stack: [0x00000063c3400000,0x00000063c3500000]
Native frames: (J=compiled Java code, j=interpreted, Vv=VM code, C=native code)
V  [jvm.dll+0x6e0b99]  (no source info available)
V  [jvm.dll+0x87e2b3]  (no source info available)
V  [jvm.dll+0x88073e]  (no source info available)
V  [jvm.dll+0x880e13]  (no source info available)
V  [jvm.dll+0x27b006]  (no source info available)
V  [jvm.dll+0x6dd485]  (no source info available)
V  [jvm.dll+0x6d127a]  (no source info available)
V  [jvm.dll+0x35b50a]  (no source info available)
V  [jvm.dll+0x363916]  (no source info available)
V  [jvm.dll+0x34fe7e]  (no source info available)
V  [jvm.dll+0x350118]  (no source info available)
V  [jvm.dll+0x328aec]  (no source info available)
V  [jvm.dll+0x328b7a]  (no source info available)
V  [jvm.dll+0x374db2]  (no source info available)
V  [jvm.dll+0x3734b2]  (no source info available)
V  [jvm.dll+0x3282c7]  (no source info available)
V  [jvm.dll+0x372c64]  (no source info available)
V  [jvm.dll+0x886d50]  (no source info available)
V  [jvm.dll+0x888077]  (no source info available)
V  [jvm.dll+0x8885a8]  (no source info available)
V  [jvm.dll+0x888843]  (no source info available)
V  [jvm.dll+0x8254cb]  (no source info available)
V  [jvm.dll+0x6df345]  (no source info available)
C  [ucrtbase.dll+0x37b0]  (no source info available)
C  [KERNEL32.DLL+0x2e8d7]  (no source info available)
C  [ntdll.dll+0xbbf2c]  (no source info available)

VM_Operation (0x00000063c59ff0e0): G1CollectForAllocation, mode: safepoint, requested by thread 0x0000022ec64292d0


---------------  P R O C E S S  ---------------

Threads class SMR info:
_java_thread_list=0x0000022ec6bcb3c0, length=23, elements={
0x0000022edbe88e90, 0x0000022efd394a30, 0x0000022efd395690, 0x0000022efd3986f0,
0x0000022efd3993d0, 0x0000022efd39b660, 0x0000022ec501aed0, 0x0000022ec5047680,
0x0000022ec5048130, 0x0000022ec5019b20, 0x0000022ec5018e00, 0x0000022ec5018770,
0x0000022ec50180e0, 0x0000022ec501a1b0, 0x0000022ec501b560, 0x0000022ec501a840,
0x0000022ec5019490, 0x0000022ec64257c0, 0x0000022ec6425e50, 0x0000022ec6427f20,
0x0000022ec64285b0, 0x0000022ec6427200, 0x0000022ec64292d0
}

Java Threads: ( => current thread )
  0x0000022edbe88e90 JavaThread "main"                              [_thread_blocked, id=60272, stack(0x00000063c2d00000,0x00000063c2e00000) (1024K)]
  0x0000022efd394a30 JavaThread "Reference Handler"          daemon [_thread_blocked, id=203360, stack(0x00000063c3500000,0x00000063c3600000) (1024K)]
  0x0000022efd395690 JavaThread "Finalizer"                  daemon [_thread_blocked, id=204932, stack(0x00000063c3600000,0x00000063c3700000) (1024K)]
  0x0000022efd3986f0 JavaThread "Signal Dispatcher"          daemon [_thread_blocked, id=199460, stack(0x00000063c3700000,0x00000063c3800000) (1024K)]
  0x0000022efd3993d0 JavaThread "Attach Listener"            daemon [_thread_blocked, id=206688, stack(0x00000063c3800000,0x00000063c3900000) (1024K)]
  0x0000022efd39b660 JavaThread "Service Thread"             daemon [_thread_blocked, id=206056, stack(0x00000063c3900000,0x00000063c3a00000) (1024K)]
  0x0000022ec501aed0 JavaThread "Monitor Deflation Thread"   daemon [_thread_blocked, id=202336, stack(0x00000063c3a00000,0x00000063c3b00000) (1024K)]
  0x0000022ec5047680 JavaThread "C2 CompilerThread0"         daemon [_thread_blocked, id=200788, stack(0x00000063c3b00000,0x00000063c3c00000) (1024K)]
  0x0000022ec5048130 JavaThread "C1 CompilerThread0"         daemon [_thread_blocked, id=106736, stack(0x00000063c3c00000,0x00000063c3d00000) (1024K)]
  0x0000022ec5019b20 JavaThread "Common-Cleaner"             daemon [_thread_blocked, id=142392, stack(0x00000063c3d00000,0x00000063c3e00000) (1024K)]
  0x0000022ec5018e00 JavaThread "Monitor Ctrl-Break"         daemon [_thread_in_native, id=202444, stack(0x00000063c4000000,0x00000063c4100000) (1024K)]
  0x0000022ec5018770 JavaThread "Notification Thread"        daemon [_thread_blocked, id=204072, stack(0x00000063c4100000,0x00000063c4200000) (1024K)]
  0x0000022ec50180e0 JavaThread "QuantumRenderer-0"          daemon [_thread_blocked, id=205980, stack(0x00000063c4800000,0x00000063c4900000) (1024K)]
  0x0000022ec501a1b0 JavaThread "RMI TCP Accept-0"           daemon [_thread_in_native, id=199244, stack(0x00000063c4a00000,0x00000063c4b00000) (1024K)]
  0x0000022ec501b560 JavaThread "RMI TCP Connection(1)-192.168.1.8" daemon [_thread_in_native, id=206860, stack(0x00000063c4f00000,0x00000063c5000000) (1024K)]
  0x0000022ec501a840 JavaThread "RMI Scheduler(0)"           daemon [_thread_blocked, id=206864, stack(0x00000063c4900000,0x00000063c4a00000) (1024K)]
  0x0000022ec5019490 JavaThread "InvokeLaterDispatcher"      daemon [_thread_blocked, id=206868, stack(0x00000063c5000000,0x00000063c5100000) (1024K)]
  0x0000022ec64257c0 JavaThread "JMX server connection timeout 35" daemon [_thread_blocked, id=206872, stack(0x00000063c5100000,0x00000063c5200000) (1024K)]
  0x0000022ec6425e50 JavaThread "JavaFX Application Thread"         [_thread_blocked, id=206876, stack(0x00000063c5200000,0x00000063c5300000) (1024K)]
  0x0000022ec6427f20 JavaThread "Thread-1"                   daemon [_thread_blocked, id=206896, stack(0x00000063c3e00000,0x00000063c3f00000) (1024K)]
  0x0000022ec64285b0 JavaThread "JavaFX-Launcher"                   [_thread_blocked, id=206932, stack(0x00000063c5400000,0x00000063c5500000) (1024K)]
  0x0000022ec6427200 JavaThread "JFXMedia Player EventQueueThread" daemon [_thread_blocked, id=206948, stack(0x00000063c5800000,0x00000063c5900000) (1024K)]
  0x0000022ec64292d0 JavaThread "Unknown thread"             [_thread_blocked, id=206952, stack(0x00000063c5900000,0x00000063c5a00000) (1024K)]
Total: 23

Other Threads:
=>0x0000022efd378d90 VMThread "VM Thread"                           [id=153376, stack(0x00000063c3400000,0x00000063c3500000) (1024K)]
  0x0000022efd35f010 WatcherThread "VM Periodic Task Thread"        [id=206756, stack(0x00000063c3300000,0x00000063c3400000) (1024K)]
  0x0000022ede1aa150 WorkerThread "GC Thread#0"                     [id=203268, stack(0x00000063c2e00000,0x00000063c2f00000) (1024K)]
  0x0000022ec5fab7c0 WorkerThread "GC Thread#1"                     [id=206724, stack(0x00000063c3f00000,0x00000063c4000000) (1024K)]
  0x0000022ec5fb8d30 WorkerThread "GC Thread#2"                     [id=204784, stack(0x00000063c4200000,0x00000063c4300000) (1024K)]
  0x0000022ec5fb90e0 WorkerThread "GC Thread#3"                     [id=204464, stack(0x00000063c4300000,0x00000063c4400000) (1024K)]
  0x0000022ec5fb9490 WorkerThread "GC Thread#4"                     [id=206624, stack(0x00000063c4400000,0x00000063c4500000) (1024K)]
  0x0000022ec5fbba80 WorkerThread "GC Thread#5"                     [id=91364, stack(0x00000063c4500000,0x00000063c4600000) (1024K)]
  0x0000022ec5fbb320 WorkerThread "GC Thread#6"                     [id=201200, stack(0x00000063c4600000,0x00000063c4700000) (1024K)]
  0x0000022ec5fbabc0 WorkerThread "GC Thread#7"                     [id=192164, stack(0x00000063c4700000,0x00000063c4800000) (1024K)]
  0x0000022ec68f3040 WorkerThread "GC Thread#8"                     [id=206956, stack(0x00000063c5a00000,0x00000063c5b00000) (1024K)]
  0x0000022ec6b637d0 WorkerThread "GC Thread#9"                     [id=206960, stack(0x00000063c5b00000,0x00000063c5c00000) (1024K)]
  0x0000022ede1bebb0 ConcurrentGCThread "G1 Main Marker"            [id=156712, stack(0x00000063c2f00000,0x00000063c3000000) (1024K)]
  0x0000022ede1c05e0 WorkerThread "G1 Conc#0"                       [id=202156, stack(0x00000063c3000000,0x00000063c3100000) (1024K)]
  0x0000022efd230470 ConcurrentGCThread "G1 Refine#0"               [id=205464, stack(0x00000063c3100000,0x00000063c3200000) (1024K)]
  0x0000022efd230da0 ConcurrentGCThread "G1 Service"                [id=200356, stack(0x00000063c3200000,0x00000063c3300000) (1024K)]
Total: 16

Threads with active compile tasks:
C2 CompilerThread0  3590 2133       4       com.sun.javafx.iio.png.PNGImageLoader2::doAvrgFilter (87 bytes)
Total: 1

VM state: at safepoint (normal execution)

VM Mutex/Monitor currently owned by a thread:  ([mutex/lock_event])
[0x00007ffedf0e4888] Threads_lock - owner thread: 0x0000022efd378d90
[0x00007ffedf0e4988] Heap_lock - owner thread: 0x0000022ec64292d0

Heap address: 0x0000000704c00000, size: 4020 MB, Compressed Oops mode: Zero based, Oop shift amount: 3

CDS archive(s) mapped at: [0x0000022e80000000-0x0000022e80d70000-0x0000022e80d70000), size 14090240, SharedBaseAddress: 0x0000022e80000000, ArchiveRelocationMode: 1.
Compressed class space mapped at: 0x0000022e81000000-0x0000022ec1000000, reserved size: 1073741824
Narrow klass base: 0x0000022e80000000, Narrow klass shift: 0, Narrow klass range: 0x41000000

GC Precious Log:
 CardTable entry size: 512
 Card Set container configuration: InlinePtr #cards 4 size 8 Array Of Cards #cards 16 size 48 Howl #buckets 8 coarsen threshold 3686 Howl Bitmap #cards 512 size 80 coarsen threshold 460 Card regions per heap region 1 cards per card region 4096
 CPUs: 12 total, 12 available
 Memory: 16076M
 Large Page Support: Disabled
 NUMA Support: Disabled
 Compressed Oops: Enabled (Zero based)
 Heap Region Size: 2M
 Heap Min Capacity: 8M
 Heap Initial Capacity: 252M
 Heap Max Capacity: 4020M
 Pre-touch: Disabled
 Parallel Workers: 10
 Concurrent Workers: 3
 Concurrent Refinement Workers: 10
 Periodic GC: Disabled

Heap:
 garbage-first heap   total reserved 4116480K, committed 409600K, used 11294K [0x0000000704c00000, 0x0000000800000000)
  region size 2048K, 2 young (4096K), 2 survivors (4096K)
 Metaspace       used 13947K, committed 14272K, reserved 1114112K
  class space    used 1839K, committed 1984K, reserved 1048576K

Heap Regions: E=young(eden), S=young(survivor), O=old, HS=humongous(starts), HC=humongous(continues), CS=collection set, F=free, TAMS=top-at-mark-start, PB=parsable bottom
|   0|0x0000000704c00000, 0x0000000704e00000, 0x0000000704e00000|100%| O|  |TAMS 0x0000000704c00000| PB 0x0000000704c00000| Untracked |  0
|   1|0x0000000704e00000, 0x0000000705000000, 0x0000000705000000|100%| O|  |TAMS 0x0000000704e00000| PB 0x0000000704e00000| Untracked |  0
|   2|0x0000000705000000, 0x000000070502f2b0, 0x0000000705200000|  9%| O|  |TAMS 0x0000000705000000| PB 0x0000000705000000| Untracked |  0
|   3|0x0000000705200000, 0x0000000705400000, 0x0000000705400000|100%|HS|  |TAMS 0x0000000705200000| PB 0x0000000705200000| Complete |  0
|   4|0x0000000705400000, 0x0000000705600000, 0x0000000705600000|100%|HC|  |TAMS 0x0000000705400000| PB 0x0000000705400000| Complete |  0
|   5|0x0000000705600000, 0x0000000705600000, 0x0000000705800000|  0%| F|  |TAMS 0x0000000705600000| PB 0x0000000705600000| Untracked |  0
|   6|0x0000000705800000, 0x0000000705800000, 0x0000000705a00000|  0%| F|  |TAMS 0x0000000705800000| PB 0x0000000705800000| Untracked |  0
|   7|0x0000000705a00000, 0x0000000705a00000, 0x0000000705c00000|  0%| F|  |TAMS 0x0000000705a00000| PB 0x0000000705a00000| Untracked |  0
|   8|0x0000000705c00000, 0x0000000705c00000, 0x0000000705e00000|  0%| F|  |TAMS 0x0000000705c00000| PB 0x0000000705c00000| Untracked |  0
|   9|0x0000000705e00000, 0x0000000705e00000, 0x0000000706000000|  0%| F|  |TAMS 0x0000000705e00000| PB 0x0000000705e00000| Untracked |  0
|  10|0x0000000706000000, 0x0000000706000000, 0x0000000706200000|  0%| F|  |TAMS 0x0000000706000000| PB 0x0000000706000000| Untracked |  0
|  11|0x0000000706200000, 0x0000000706200000, 0x0000000706400000|  0%| F|  |TAMS 0x0000000706200000| PB 0x0000000706200000| Untracked |  0
|  12|0x0000000706400000, 0x0000000706400000, 0x0000000706600000|  0%| F|  |TAMS 0x0000000706400000| PB 0x0000000706400000| Untracked |  0
|  13|0x0000000706600000, 0x0000000706600000, 0x0000000706800000|  0%| F|  |TAMS 0x0000000706600000| PB 0x0000000706600000| Untracked |  0
|  14|0x0000000706800000, 0x0000000706800000, 0x0000000706a00000|  0%| F|  |TAMS 0x0000000706800000| PB 0x0000000706800000| Untracked |  0
|  15|0x0000000706a00000, 0x0000000706a00000, 0x0000000706c00000|  0%| F|  |TAMS 0x0000000706a00000| PB 0x0000000706a00000| Untracked |  0
|  16|0x0000000706c00000, 0x0000000706c00000, 0x0000000706e00000|  0%| F|  |TAMS 0x0000000706c00000| PB 0x0000000706c00000| Untracked |  0
|  17|0x0000000706e00000, 0x0000000706e00000, 0x0000000707000000|  0%| F|  |TAMS 0x0000000706e00000| PB 0x0000000706e00000| Untracked |  0
|  18|0x0000000707000000, 0x0000000707000000, 0x0000000707200000|  0%| F|  |TAMS 0x0000000707000000| PB 0x0000000707000000| Untracked |  0
|  19|0x0000000707200000, 0x0000000707200000, 0x0000000707400000|  0%| F|  |TAMS 0x0000000707200000| PB 0x0000000707200000| Untracked |  0
|  20|0x0000000707400000, 0x0000000707400000, 0x0000000707600000|  0%| F|  |TAMS 0x0000000707400000| PB 0x0000000707400000| Untracked |  0
|  21|0x0000000707600000, 0x0000000707600000, 0x0000000707800000|  0%| F|  |TAMS 0x0000000707600000| PB 0x0000000707600000| Untracked |  0
|  22|0x0000000707800000, 0x0000000707800000, 0x0000000707a00000|  0%| F|  |TAMS 0x0000000707800000| PB 0x0000000707800000| Untracked |  0
|  23|0x0000000707a00000, 0x0000000707a00000, 0x0000000707c00000|  0%| F|  |TAMS 0x0000000707a00000| PB 0x0000000707a00000| Untracked |  0
|  24|0x0000000707c00000, 0x0000000707c00000, 0x0000000707e00000|  0%| F|  |TAMS 0x0000000707c00000| PB 0x0000000707c00000| Untracked |  0
|  25|0x0000000707e00000, 0x0000000707e00000, 0x0000000708000000|  0%| F|  |TAMS 0x0000000707e00000| PB 0x0000000707e00000| Untracked |  0
|  26|0x0000000708000000, 0x0000000708000000, 0x0000000708200000|  0%| F|  |TAMS 0x0000000708000000| PB 0x0000000708000000| Untracked |  0
|  27|0x0000000708200000, 0x0000000708200000, 0x0000000708400000|  0%| F|  |TAMS 0x0000000708200000| PB 0x0000000708200000| Untracked |  0
|  28|0x0000000708400000, 0x0000000708400000, 0x0000000708600000|  0%| F|  |TAMS 0x0000000708400000| PB 0x0000000708400000| Untracked |  0
|  29|0x0000000708600000, 0x0000000708600000, 0x0000000708800000|  0%| F|  |TAMS 0x0000000708600000| PB 0x0000000708600000| Untracked |  0
|  30|0x0000000708800000, 0x0000000708800000, 0x0000000708a00000|  0%| F|  |TAMS 0x0000000708800000| PB 0x0000000708800000| Untracked |  0
|  31|0x0000000708a00000, 0x0000000708a00000, 0x0000000708c00000|  0%| F|  |TAMS 0x0000000708a00000| PB 0x0000000708a00000| Untracked |  0
|  32|0x0000000708c00000, 0x0000000708c00000, 0x0000000708e00000|  0%| F|  |TAMS 0x0000000708c00000| PB 0x0000000708c00000| Untracked |  0
|  33|0x0000000708e00000, 0x0000000708e00000, 0x0000000709000000|  0%| F|  |TAMS 0x0000000708e00000| PB 0x0000000708e00000| Untracked |  0
|  34|0x0000000709000000, 0x0000000709000000, 0x0000000709200000|  0%| F|  |TAMS 0x0000000709000000| PB 0x0000000709000000| Untracked |  0
|  35|0x0000000709200000, 0x0000000709200000, 0x0000000709400000|  0%| F|  |TAMS 0x0000000709200000| PB 0x0000000709200000| Untracked |  0
|  36|0x0000000709400000, 0x0000000709400000, 0x0000000709600000|  0%| F|  |TAMS 0x0000000709400000| PB 0x0000000709400000| Untracked |  0
|  37|0x0000000709600000, 0x0000000709600000, 0x0000000709800000|  0%| F|  |TAMS 0x0000000709600000| PB 0x0000000709600000| Untracked |  0
|  38|0x0000000709800000, 0x0000000709800000, 0x0000000709a00000|  0%| F|  |TAMS 0x0000000709800000| PB 0x0000000709800000| Untracked |  0
|  39|0x0000000709a00000, 0x0000000709a00000, 0x0000000709c00000|  0%| F|  |TAMS 0x0000000709a00000| PB 0x0000000709a00000| Untracked |  0
|  40|0x0000000709c00000, 0x0000000709c00000, 0x0000000709e00000|  0%| F|  |TAMS 0x0000000709c00000| PB 0x0000000709c00000| Untracked |  0
|  41|0x0000000709e00000, 0x0000000709e00000, 0x000000070a000000|  0%| F|  |TAMS 0x0000000709e00000| PB 0x0000000709e00000| Untracked |  0
|  42|0x000000070a000000, 0x000000070a000000, 0x000000070a200000|  0%| F|  |TAMS 0x000000070a000000| PB 0x000000070a000000| Untracked |  0
|  43|0x000000070a200000, 0x000000070a200000, 0x000000070a400000|  0%| F|  |TAMS 0x000000070a200000| PB 0x000000070a200000| Untracked |  0
|  44|0x000000070a400000, 0x000000070a400000, 0x000000070a600000|  0%| F|  |TAMS 0x000000070a400000| PB 0x000000070a400000| Untracked |  0
|  45|0x000000070a600000, 0x000000070a600000, 0x000000070a800000|  0%| F|  |TAMS 0x000000070a600000| PB 0x000000070a600000| Untracked |  0
|  46|0x000000070a800000, 0x000000070a800000, 0x000000070aa00000|  0%| F|  |TAMS 0x000000070a800000| PB 0x000000070a800000| Untracked |  0
|  47|0x000000070aa00000, 0x000000070aa00000, 0x000000070ac00000|  0%| F|  |TAMS 0x000000070aa00000| PB 0x000000070aa00000| Untracked |  0
|  48|0x000000070ac00000, 0x000000070ac00000, 0x000000070ae00000|  0%| F|  |TAMS 0x000000070ac00000| PB 0x000000070ac00000| Untracked |  0
|  49|0x000000070ae00000, 0x000000070ae00000, 0x000000070b000000|  0%| F|  |TAMS 0x000000070ae00000| PB 0x000000070ae00000| Untracked |  0
|  50|0x000000070b000000, 0x000000070b000000, 0x000000070b200000|  0%| F|  |TAMS 0x000000070b000000| PB 0x000000070b000000| Untracked |  0
|  51|0x000000070b200000, 0x000000070b200000, 0x000000070b400000|  0%| F|  |TAMS 0x000000070b200000| PB 0x000000070b200000| Untracked |  0
|  52|0x000000070b400000, 0x000000070b400000, 0x000000070b600000|  0%| F|  |TAMS 0x000000070b400000| PB 0x000000070b400000| Untracked |  0
|  53|0x000000070b600000, 0x000000070b600000, 0x000000070b800000|  0%| F|  |TAMS 0x000000070b600000| PB 0x000000070b600000| Untracked |  0
|  54|0x000000070b800000, 0x000000070b800000, 0x000000070ba00000|  0%| F|  |TAMS 0x000000070b800000| PB 0x000000070b800000| Untracked |  0
|  55|0x000000070ba00000, 0x000000070ba00000, 0x000000070bc00000|  0%| F|  |TAMS 0x000000070ba00000| PB 0x000000070ba00000| Untracked |  0
|  56|0x000000070bc00000, 0x000000070bc00000, 0x000000070be00000|  0%| F|  |TAMS 0x000000070bc00000| PB 0x000000070bc00000| Untracked |  0
|  57|0x000000070be00000, 0x000000070be00000, 0x000000070c000000|  0%| F|  |TAMS 0x000000070be00000| PB 0x000000070be00000| Untracked |  0
|  58|0x000000070c000000, 0x000000070c000000, 0x000000070c200000|  0%| F|  |TAMS 0x000000070c000000| PB 0x000000070c000000| Untracked |  0
|  59|0x000000070c200000, 0x000000070c200000, 0x000000070c400000|  0%| F|  |TAMS 0x000000070c200000| PB 0x000000070c200000| Untracked |  0
|  60|0x000000070c400000, 0x000000070c400000, 0x000000070c600000|  0%| F|  |TAMS 0x000000070c400000| PB 0x000000070c400000| Untracked |  0
|  61|0x000000070c600000, 0x000000070c600000, 0x000000070c800000|  0%| F|  |TAMS 0x000000070c600000| PB 0x000000070c600000| Untracked |  0
|  62|0x000000070c800000, 0x000000070c800000, 0x000000070ca00000|  0%| F|  |TAMS 0x000000070c800000| PB 0x000000070c800000| Untracked |  0
|  63|0x000000070ca00000, 0x000000070ca00000, 0x000000070cc00000|  0%| F|  |TAMS 0x000000070ca00000| PB 0x000000070ca00000| Untracked |  0
|  64|0x000000070cc00000, 0x000000070cc00000, 0x000000070ce00000|  0%| F|  |TAMS 0x000000070cc00000| PB 0x000000070cc00000| Untracked |  0
|  65|0x000000070ce00000, 0x000000070ce00000, 0x000000070d000000|  0%| F|  |TAMS 0x000000070ce00000| PB 0x000000070ce00000| Untracked |  0
|  66|0x000000070d000000, 0x000000070d000000, 0x000000070d200000|  0%| F|  |TAMS 0x000000070d000000| PB 0x000000070d000000| Untracked |  0
|  67|0x000000070d200000, 0x000000070d200000, 0x000000070d400000|  0%| F|  |TAMS 0x000000070d200000| PB 0x000000070d200000| Untracked |  0
|  68|0x000000070d400000, 0x000000070d400000, 0x000000070d600000|  0%| F|  |TAMS 0x000000070d400000| PB 0x000000070d400000| Untracked |  0
|  69|0x000000070d600000, 0x000000070d600000, 0x000000070d800000|  0%| F|  |TAMS 0x000000070d600000| PB 0x000000070d600000| Untracked |  0
|  70|0x000000070d800000, 0x000000070d800000, 0x000000070da00000|  0%| F|  |TAMS 0x000000070d800000| PB 0x000000070d800000| Untracked |  0
|  71|0x000000070da00000, 0x000000070da00000, 0x000000070dc00000|  0%| F|  |TAMS 0x000000070da00000| PB 0x000000070da00000| Untracked |  0
|  72|0x000000070dc00000, 0x000000070dc00000, 0x000000070de00000|  0%| F|  |TAMS 0x000000070dc00000| PB 0x000000070dc00000| Untracked |  0
|  73|0x000000070de00000, 0x000000070de00000, 0x000000070e000000|  0%| F|  |TAMS 0x000000070de00000| PB 0x000000070de00000| Untracked |  0
|  74|0x000000070e000000, 0x000000070e000000, 0x000000070e200000|  0%| F|  |TAMS 0x000000070e000000| PB 0x000000070e000000| Untracked |  0
|  75|0x000000070e200000, 0x000000070e200000, 0x000000070e400000|  0%| F|  |TAMS 0x000000070e200000| PB 0x000000070e200000| Untracked |  0
|  76|0x000000070e400000, 0x000000070e400000, 0x000000070e600000|  0%| F|  |TAMS 0x000000070e400000| PB 0x000000070e400000| Untracked |  0
|  77|0x000000070e600000, 0x000000070e600000, 0x000000070e800000|  0%| F|  |TAMS 0x000000070e600000| PB 0x000000070e600000| Untracked |  0
|  78|0x000000070e800000, 0x000000070e8d87c0, 0x000000070ea00000| 42%| S|CS|TAMS 0x000000070e800000| PB 0x000000070e800000| Complete |  0
|  79|0x000000070ea00000, 0x000000070ec00000, 0x000000070ec00000|100%| S|CS|TAMS 0x000000070ea00000| PB 0x000000070ea00000| Complete |  0
|  80|0x000000070ec00000, 0x000000070ec00000, 0x000000070ee00000|  0%| F|  |TAMS 0x000000070ec00000| PB 0x000000070ec00000| Untracked |  0
|  81|0x000000070ee00000, 0x000000070ee00000, 0x000000070f000000|  0%| F|  |TAMS 0x000000070ee00000| PB 0x000000070ee00000| Untracked |  0
|  82|0x000000070f000000, 0x000000070f000000, 0x000000070f200000|  0%| F|  |TAMS 0x000000070f000000| PB 0x000000070f000000| Untracked |  0
|  83|0x000000070f200000, 0x000000070f200000, 0x000000070f400000|  0%| F|  |TAMS 0x000000070f200000| PB 0x000000070f200000| Untracked |  0
|  84|0x000000070f400000, 0x000000070f400000, 0x000000070f600000|  0%| F|  |TAMS 0x000000070f400000| PB 0x000000070f400000| Untracked |  0
|  85|0x000000070f600000, 0x000000070f600000, 0x000000070f800000|  0%| F|  |TAMS 0x000000070f600000| PB 0x000000070f600000| Untracked |  0
|  86|0x000000070f800000, 0x000000070f800000, 0x000000070fa00000|  0%| F|  |TAMS 0x000000070f800000| PB 0x000000070f800000| Untracked |  0
|  87|0x000000070fa00000, 0x000000070fa00000, 0x000000070fc00000|  0%| F|  |TAMS 0x000000070fa00000| PB 0x000000070fa00000| Untracked |  0
|  88|0x000000070fc00000, 0x000000070fc00000, 0x000000070fe00000|  0%| F|  |TAMS 0x000000070fc00000| PB 0x000000070fc00000| Untracked |  0
|  89|0x000000070fe00000, 0x000000070fe00000, 0x0000000710000000|  0%| F|  |TAMS 0x000000070fe00000| PB 0x000000070fe00000| Untracked |  0
|  90|0x0000000710000000, 0x0000000710000000, 0x0000000710200000|  0%| F|  |TAMS 0x0000000710000000| PB 0x0000000710000000| Untracked |  0
|  91|0x0000000710200000, 0x0000000710200000, 0x0000000710400000|  0%| F|  |TAMS 0x0000000710200000| PB 0x0000000710200000| Untracked |  0
|  92|0x0000000710400000, 0x0000000710400000, 0x0000000710600000|  0%| F|  |TAMS 0x0000000710400000| PB 0x0000000710400000| Untracked |  0
|  93|0x0000000710600000, 0x0000000710600000, 0x0000000710800000|  0%| F|  |TAMS 0x0000000710600000| PB 0x0000000710600000| Untracked |  0
|  94|0x0000000710800000, 0x0000000710800000, 0x0000000710a00000|  0%| F|  |TAMS 0x0000000710800000| PB 0x0000000710800000| Untracked |  0
|  95|0x0000000710a00000, 0x0000000710a00000, 0x0000000710c00000|  0%| F|  |TAMS 0x0000000710a00000| PB 0x0000000710a00000| Untracked |  0
|  96|0x0000000710c00000, 0x0000000710c00000, 0x0000000710e00000|  0%| F|  |TAMS 0x0000000710c00000| PB 0x0000000710c00000| Untracked |  0
|  97|0x0000000710e00000, 0x0000000710e00000, 0x0000000711000000|  0%| F|  |TAMS 0x0000000710e00000| PB 0x0000000710e00000| Untracked |  0
|  98|0x0000000711000000, 0x0000000711000000, 0x0000000711200000|  0%| F|  |TAMS 0x0000000711000000| PB 0x0000000711000000| Untracked |  0
|  99|0x0000000711200000, 0x0000000711200000, 0x0000000711400000|  0%| F|  |TAMS 0x0000000711200000| PB 0x0000000711200000| Untracked |  0
| 100|0x0000000711400000, 0x0000000711400000, 0x0000000711600000|  0%| F|  |TAMS 0x0000000711400000| PB 0x0000000711400000| Untracked |  0
| 101|0x0000000711600000, 0x0000000711600000, 0x0000000711800000|  0%| F|  |TAMS 0x0000000711600000| PB 0x0000000711600000| Untracked |  0
| 102|0x0000000711800000, 0x0000000711800000, 0x0000000711a00000|  0%| F|  |TAMS 0x0000000711800000| PB 0x0000000711800000| Untracked |  0
| 103|0x0000000711a00000, 0x0000000711a00000, 0x0000000711c00000|  0%| F|  |TAMS 0x0000000711a00000| PB 0x0000000711a00000| Untracked |  0
| 104|0x0000000711c00000, 0x0000000711c00000, 0x0000000711e00000|  0%| F|  |TAMS 0x0000000711c00000| PB 0x0000000711c00000| Untracked |  0
| 105|0x0000000711e00000, 0x0000000711e00000, 0x0000000712000000|  0%| F|  |TAMS 0x0000000711e00000| PB 0x0000000711e00000| Untracked |  0
| 106|0x0000000712000000, 0x0000000712000000, 0x0000000712200000|  0%| F|  |TAMS 0x0000000712000000| PB 0x0000000712000000| Untracked |  0
| 107|0x0000000712200000, 0x0000000712200000, 0x0000000712400000|  0%| F|  |TAMS 0x0000000712200000| PB 0x0000000712200000| Untracked |  0
| 108|0x0000000712400000, 0x0000000712400000, 0x0000000712600000|  0%| F|  |TAMS 0x0000000712400000| PB 0x0000000712400000| Untracked |  0
| 109|0x0000000712600000, 0x0000000712600000, 0x0000000712800000|  0%| F|  |TAMS 0x0000000712600000| PB 0x0000000712600000| Untracked |  0
| 110|0x0000000712800000, 0x0000000712800000, 0x0000000712a00000|  0%| F|  |TAMS 0x0000000712800000| PB 0x0000000712800000| Untracked |  0
| 111|0x0000000712a00000, 0x0000000712a00000, 0x0000000712c00000|  0%| F|  |TAMS 0x0000000712a00000| PB 0x0000000712a00000| Untracked |  0
| 112|0x0000000712c00000, 0x0000000712c00000, 0x0000000712e00000|  0%| F|  |TAMS 0x0000000712c00000| PB 0x0000000712c00000| Untracked |  0
| 113|0x0000000712e00000, 0x0000000712e00000, 0x0000000713000000|  0%| F|  |TAMS 0x0000000712e00000| PB 0x0000000712e00000| Untracked |  0
| 114|0x0000000713000000, 0x0000000713000000, 0x0000000713200000|  0%| F|  |TAMS 0x0000000713000000| PB 0x0000000713000000| Untracked |  0
| 115|0x0000000713200000, 0x0000000713200000, 0x0000000713400000|  0%| F|  |TAMS 0x0000000713200000| PB 0x0000000713200000| Untracked |  0
| 116|0x0000000713400000, 0x0000000713400000, 0x0000000713600000|  0%| F|  |TAMS 0x0000000713400000| PB 0x0000000713400000| Untracked |  0
| 117|0x0000000713600000, 0x0000000713600000, 0x0000000713800000|  0%| F|  |TAMS 0x0000000713600000| PB 0x0000000713600000| Untracked |  0
| 118|0x0000000713800000, 0x0000000713800000, 0x0000000713a00000|  0%| F|  |TAMS 0x0000000713800000| PB 0x0000000713800000| Untracked |  0
| 119|0x0000000713a00000, 0x0000000713a00000, 0x0000000713c00000|  0%| F|  |TAMS 0x0000000713a00000| PB 0x0000000713a00000| Untracked |  0
| 120|0x0000000713c00000, 0x0000000713c00000, 0x0000000713e00000|  0%| F|  |TAMS 0x0000000713c00000| PB 0x0000000713c00000| Untracked |  0
| 121|0x0000000713e00000, 0x0000000713e00000, 0x0000000714000000|  0%| F|  |TAMS 0x0000000713e00000| PB 0x0000000713e00000| Untracked |  0
| 122|0x0000000714000000, 0x0000000714000000, 0x0000000714200000|  0%| F|  |TAMS 0x0000000714000000| PB 0x0000000714000000| Untracked |  0
| 123|0x0000000714200000, 0x0000000714200000, 0x0000000714400000|  0%| F|  |TAMS 0x0000000714200000| PB 0x0000000714200000| Untracked |  0
| 124|0x0000000714400000, 0x0000000714400000, 0x0000000714600000|  0%| F|  |TAMS 0x0000000714400000| PB 0x0000000714400000| Untracked |  0
| 125|0x0000000714600000, 0x0000000714600000, 0x0000000714800000|  0%| F|  |TAMS 0x0000000714600000| PB 0x0000000714600000| Untracked |  0
| 126|0x0000000714800000, 0x0000000714800000, 0x0000000714a00000|  0%| F|  |TAMS 0x0000000714800000| PB 0x0000000714800000| Untracked |  0
| 127|0x0000000714a00000, 0x0000000714a00000, 0x0000000714c00000|  0%| F|  |TAMS 0x0000000714a00000| PB 0x0000000714a00000| Untracked |  0
| 128|0x0000000714c00000, 0x0000000714c00000, 0x0000000714e00000|  0%| F|  |TAMS 0x0000000714c00000| PB 0x0000000714c00000| Untracked |  0
| 129|0x0000000714e00000, 0x0000000714e00000, 0x0000000715000000|  0%| F|  |TAMS 0x0000000714e00000| PB 0x0000000714e00000| Untracked |  0
| 130|0x0000000715000000, 0x0000000715000000, 0x0000000715200000|  0%| F|  |TAMS 0x0000000715000000| PB 0x0000000715000000| Untracked |  0
| 131|0x0000000715200000, 0x0000000715200000, 0x0000000715400000|  0%| F|  |TAMS 0x0000000715200000| PB 0x0000000715200000| Untracked |  0
| 132|0x0000000715400000, 0x0000000715400000, 0x0000000715600000|  0%| F|  |TAMS 0x0000000715400000| PB 0x0000000715400000| Untracked |  0
| 133|0x0000000715600000, 0x0000000715600000, 0x0000000715800000|  0%| F|  |TAMS 0x0000000715600000| PB 0x0000000715600000| Untracked |  0
| 134|0x0000000715800000, 0x0000000715800000, 0x0000000715a00000|  0%| F|  |TAMS 0x0000000715800000| PB 0x0000000715800000| Untracked |  0
| 135|0x0000000715a00000, 0x0000000715a00000, 0x0000000715c00000|  0%| F|  |TAMS 0x0000000715a00000| PB 0x0000000715a00000| Untracked |  0
| 136|0x0000000715c00000, 0x0000000715c00000, 0x0000000715e00000|  0%| F|  |TAMS 0x0000000715c00000| PB 0x0000000715c00000| Untracked |  0
| 137|0x0000000715e00000, 0x0000000715e00000, 0x0000000716000000|  0%| F|  |TAMS 0x0000000715e00000| PB 0x0000000715e00000| Untracked |  0
| 138|0x0000000716000000, 0x0000000716000000, 0x0000000716200000|  0%| F|  |TAMS 0x0000000716000000| PB 0x0000000716000000| Untracked |  0
| 139|0x0000000716200000, 0x0000000716200000, 0x0000000716400000|  0%| F|  |TAMS 0x0000000716200000| PB 0x0000000716200000| Untracked |  0
| 140|0x0000000716400000, 0x0000000716400000, 0x0000000716600000|  0%| F|  |TAMS 0x0000000716400000| PB 0x0000000716400000| Untracked |  0
| 141|0x0000000716600000, 0x0000000716600000, 0x0000000716800000|  0%| F|  |TAMS 0x0000000716600000| PB 0x0000000716600000| Untracked |  0
| 142|0x0000000716800000, 0x0000000716800000, 0x0000000716a00000|  0%| F|  |TAMS 0x0000000716800000| PB 0x0000000716800000| Untracked |  0
| 143|0x0000000716a00000, 0x0000000716a00000, 0x0000000716c00000|  0%| F|  |TAMS 0x0000000716a00000| PB 0x0000000716a00000| Untracked |  0
| 144|0x0000000716c00000, 0x0000000716c00000, 0x0000000716e00000|  0%| F|  |TAMS 0x0000000716c00000| PB 0x0000000716c00000| Untracked |  0
| 145|0x0000000716e00000, 0x0000000716e00000, 0x0000000717000000|  0%| F|  |TAMS 0x0000000716e00000| PB 0x0000000716e00000| Untracked |  0
| 146|0x0000000717000000, 0x0000000717000000, 0x0000000717200000|  0%| F|  |TAMS 0x0000000717000000| PB 0x0000000717000000| Untracked |  0
| 147|0x0000000717200000, 0x0000000717200000, 0x0000000717400000|  0%| F|  |TAMS 0x0000000717200000| PB 0x0000000717200000| Untracked |  0
| 148|0x0000000717400000, 0x0000000717400000, 0x0000000717600000|  0%| F|  |TAMS 0x0000000717400000| PB 0x0000000717400000| Untracked |  0
| 149|0x0000000717600000, 0x0000000717600000, 0x0000000717800000|  0%| F|  |TAMS 0x0000000717600000| PB 0x0000000717600000| Untracked |  0
| 150|0x0000000717800000, 0x0000000717800000, 0x0000000717a00000|  0%| F|  |TAMS 0x0000000717800000| PB 0x0000000717800000| Untracked |  0
| 151|0x0000000717a00000, 0x0000000717a00000, 0x0000000717c00000|  0%| F|  |TAMS 0x0000000717a00000| PB 0x0000000717a00000| Untracked |  0
| 152|0x0000000717c00000, 0x0000000717c00000, 0x0000000717e00000|  0%| F|  |TAMS 0x0000000717c00000| PB 0x0000000717c00000| Untracked |  0
| 153|0x0000000717e00000, 0x0000000717e00000, 0x0000000718000000|  0%| F|  |TAMS 0x0000000717e00000| PB 0x0000000717e00000| Untracked |  0
| 154|0x0000000718000000, 0x0000000718000000, 0x0000000718200000|  0%| F|  |TAMS 0x0000000718000000| PB 0x0000000718000000| Untracked |  0
| 155|0x0000000718200000, 0x0000000718200000, 0x0000000718400000|  0%| F|  |TAMS 0x0000000718200000| PB 0x0000000718200000| Untracked |  0
| 156|0x0000000718400000, 0x0000000718400000, 0x0000000718600000|  0%| F|  |TAMS 0x0000000718400000| PB 0x0000000718400000| Untracked |  0
| 157|0x0000000718600000, 0x0000000718600000, 0x0000000718800000|  0%| F|  |TAMS 0x0000000718600000| PB 0x0000000718600000| Untracked |  0
| 158|0x0000000718800000, 0x0000000718800000, 0x0000000718a00000|  0%| F|  |TAMS 0x0000000718800000| PB 0x0000000718800000| Untracked |  0
| 159|0x0000000718a00000, 0x0000000718a00000, 0x0000000718c00000|  0%| F|  |TAMS 0x0000000718a00000| PB 0x0000000718a00000| Untracked |  0
| 160|0x0000000718c00000, 0x0000000718c00000, 0x0000000718e00000|  0%| F|  |TAMS 0x0000000718c00000| PB 0x0000000718c00000| Untracked |  0
| 161|0x0000000718e00000, 0x0000000718e00000, 0x0000000719000000|  0%| F|  |TAMS 0x0000000718e00000| PB 0x0000000718e00000| Untracked |  0
| 162|0x0000000719000000, 0x0000000719000000, 0x0000000719200000|  0%| F|  |TAMS 0x0000000719000000| PB 0x0000000719000000| Untracked |  0
| 163|0x0000000719200000, 0x0000000719200000, 0x0000000719400000|  0%| F|  |TAMS 0x0000000719200000| PB 0x0000000719200000| Untracked |  0
| 164|0x0000000719400000, 0x0000000719400000, 0x0000000719600000|  0%| F|  |TAMS 0x0000000719400000| PB 0x0000000719400000| Untracked |  0
| 165|0x0000000719600000, 0x0000000719600000, 0x0000000719800000|  0%| F|  |TAMS 0x0000000719600000| PB 0x0000000719600000| Untracked |  0
| 166|0x0000000719800000, 0x0000000719800000, 0x0000000719a00000|  0%| F|  |TAMS 0x0000000719800000| PB 0x0000000719800000| Untracked |  0
| 167|0x0000000719a00000, 0x0000000719a00000, 0x0000000719c00000|  0%| F|  |TAMS 0x0000000719a00000| PB 0x0000000719a00000| Untracked |  0
| 168|0x0000000719c00000, 0x0000000719c00000, 0x0000000719e00000|  0%| F|  |TAMS 0x0000000719c00000| PB 0x0000000719c00000| Untracked |  0
| 169|0x0000000719e00000, 0x0000000719e00000, 0x000000071a000000|  0%| F|  |TAMS 0x0000000719e00000| PB 0x0000000719e00000| Untracked |  0
| 170|0x000000071a000000, 0x000000071a000000, 0x000000071a200000|  0%| F|  |TAMS 0x000000071a000000| PB 0x000000071a000000| Untracked |  0
| 171|0x000000071a200000, 0x000000071a200000, 0x000000071a400000|  0%| F|  |TAMS 0x000000071a200000| PB 0x000000071a200000| Untracked |  0
| 172|0x000000071a400000, 0x000000071a400000, 0x000000071a600000|  0%| F|  |TAMS 0x000000071a400000| PB 0x000000071a400000| Untracked |  0
| 173|0x000000071a600000, 0x000000071a600000, 0x000000071a800000|  0%| F|  |TAMS 0x000000071a600000| PB 0x000000071a600000| Untracked |  0
| 174|0x000000071a800000, 0x000000071a800000, 0x000000071aa00000|  0%| F|  |TAMS 0x000000071a800000| PB 0x000000071a800000| Untracked |  0
| 175|0x000000071aa00000, 0x000000071aa00000, 0x000000071ac00000|  0%| F|  |TAMS 0x000000071aa00000| PB 0x000000071aa00000| Untracked |  0
| 176|0x000000071ac00000, 0x000000071ac00000, 0x000000071ae00000|  0%| F|  |TAMS 0x000000071ac00000| PB 0x000000071ac00000| Untracked |  0
| 177|0x000000071ae00000, 0x000000071ae00000, 0x000000071b000000|  0%| F|  |TAMS 0x000000071ae00000| PB 0x000000071ae00000| Untracked |  0
| 178|0x000000071b000000, 0x000000071b000000, 0x000000071b200000|  0%| F|  |TAMS 0x000000071b000000| PB 0x000000071b000000| Untracked |  0
| 179|0x000000071b200000, 0x000000071b200000, 0x000000071b400000|  0%| F|  |TAMS 0x000000071b200000| PB 0x000000071b200000| Untracked |  0
| 180|0x000000071b400000, 0x000000071b400000, 0x000000071b600000|  0%| F|  |TAMS 0x000000071b400000| PB 0x000000071b400000| Untracked |  0
| 181|0x000000071b600000, 0x000000071b600000, 0x000000071b800000|  0%| F|  |TAMS 0x000000071b600000| PB 0x000000071b600000| Untracked |  0
| 182|0x000000071b800000, 0x000000071b800000, 0x000000071ba00000|  0%| F|  |TAMS 0x000000071b800000| PB 0x000000071b800000| Untracked |  0
| 183|0x000000071ba00000, 0x000000071ba00000, 0x000000071bc00000|  0%| F|  |TAMS 0x000000071ba00000| PB 0x000000071ba00000| Untracked |  0
| 184|0x000000071bc00000, 0x000000071bc00000, 0x000000071be00000|  0%| F|  |TAMS 0x000000071bc00000| PB 0x000000071bc00000| Untracked |  0
| 185|0x000000071be00000, 0x000000071be00000, 0x000000071c000000|  0%| F|  |TAMS 0x000000071be00000| PB 0x000000071be00000| Untracked |  0
| 186|0x000000071c000000, 0x000000071c000000, 0x000000071c200000|  0%| F|  |TAMS 0x000000071c000000| PB 0x000000071c000000| Untracked |  0
| 187|0x000000071c200000, 0x000000071c200000, 0x000000071c400000|  0%| F|  |TAMS 0x000000071c200000| PB 0x000000071c200000| Untracked |  0
| 188|0x000000071c400000, 0x000000071c400000, 0x000000071c600000|  0%| F|  |TAMS 0x000000071c400000| PB 0x000000071c400000| Untracked |  0
| 189|0x000000071c600000, 0x000000071c600000, 0x000000071c800000|  0%| F|  |TAMS 0x000000071c600000| PB 0x000000071c600000| Untracked |  0
| 190|0x000000071c800000, 0x000000071c800000, 0x000000071ca00000|  0%| F|  |TAMS 0x000000071c800000| PB 0x000000071c800000| Untracked |  0
| 191|0x000000071ca00000, 0x000000071ca00000, 0x000000071cc00000|  0%| F|  |TAMS 0x000000071ca00000| PB 0x000000071ca00000| Untracked |  0
| 192|0x000000071cc00000, 0x000000071cc00000, 0x000000071ce00000|  0%| F|  |TAMS 0x000000071cc00000| PB 0x000000071cc00000| Untracked |  0
| 193|0x000000071ce00000, 0x000000071ce00000, 0x000000071d000000|  0%| F|  |TAMS 0x000000071ce00000| PB 0x000000071ce00000| Untracked |  0
| 194|0x000000071d000000, 0x000000071d000000, 0x000000071d200000|  0%| F|  |TAMS 0x000000071d000000| PB 0x000000071d000000| Untracked |  0
| 195|0x000000071d200000, 0x000000071d200000, 0x000000071d400000|  0%| F|  |TAMS 0x000000071d200000| PB 0x000000071d200000| Untracked |  0
| 196|0x000000071d400000, 0x000000071d400000, 0x000000071d600000|  0%| F|  |TAMS 0x000000071d400000| PB 0x000000071d400000| Untracked |  0
| 197|0x000000071d600000, 0x000000071d600000, 0x000000071d800000|  0%| F|  |TAMS 0x000000071d600000| PB 0x000000071d600000| Untracked |  0
| 198|0x000000071d800000, 0x000000071d800000, 0x000000071da00000|  0%| F|  |TAMS 0x000000071d800000| PB 0x000000071d800000| Untracked |  0
| 199|0x000000071da00000, 0x000000071da00000, 0x000000071dc00000|  0%| F|  |TAMS 0x000000071da00000| PB 0x000000071da00000| Untracked |  0

Card table byte_map: [0x0000022ef66b0000,0x0000022ef6e90000] _byte_map_base: 0x0000022ef2e8a000

Marking Bits: (CMBitMap*) 0x0000022ede1aa860
 Bits: [0x0000022ef6e90000, 0x0000022efad60000)

Polling page: 0x0000022edbfe0000

Metaspace:

Usage:
  Non-class:     11.82 MB used.
      Class:      1.80 MB used.
       Both:     13.62 MB used.

Virtual space:
  Non-class space:       64.00 MB reserved,      12.00 MB ( 19%) committed,  1 nodes.
      Class space:        1.00 GB reserved,       1.94 MB ( <1%) committed,  1 nodes.
             Both:        1.06 GB reserved,      13.94 MB (  1%) committed. 

Chunk freelists:
   Non-Class:  3.50 MB
       Class:  13.91 MB
        Both:  17.41 MB

MaxMetaspaceSize: unlimited
CompressedClassSpaceSize: 1.00 GB
Initial GC threshold: 21.00 MB
Current GC threshold: 21.00 MB
CDS: on
 - commit_granule_bytes: 65536.
 - commit_granule_words: 8192.
 - virtual_space_node_default_size: 8388608.
 - enlarge_chunks_in_place: 1.
 - use_allocation_guard: 0.


Internal statistics:

num_allocs_failed_limit: 0.
num_arena_births: 332.
num_arena_deaths: 0.
num_vsnodes_births: 2.
num_vsnodes_deaths: 0.
num_space_committed: 223.
num_space_uncommitted: 0.
num_chunks_returned_to_freelist: 0.
num_chunks_taken_from_freelist: 671.
num_chunk_merges: 0.
num_chunk_splits: 426.
num_chunks_enlarged: 264.
num_inconsistent_stats: 0.

CodeHeap 'non-profiled nmethods': size=120064Kb used=706Kb max_used=706Kb free=119358Kb
 bounds [0x0000022eee330000, 0x0000022eee5a0000, 0x0000022ef5870000]
CodeHeap 'profiled nmethods': size=120000Kb used=2750Kb max_used=2750Kb free=117250Kb
 bounds [0x0000022ee6870000, 0x0000022ee6b20000, 0x0000022eedda0000]
CodeHeap 'non-nmethods': size=5696Kb used=1689Kb max_used=1705Kb free=4006Kb
 bounds [0x0000022eedda0000, 0x0000022eee010000, 0x0000022eee330000]
CodeCache: size=245760Kb, used=5145Kb, max_used=5161Kb, free=240614Kb
 total_blobs=2886, nmethods=2136, adapters=655, full_count=0
Compilation: enabled, stopped_count=0, restarted_count=0

Compilation events (20 events):
Event: 3.267 Thread 0x0000022ec5048130 2135       3       java.io.BufferedInputStream::fill (204 bytes)
Event: 3.269 Thread 0x0000022ec5048130 nmethod 2135 0x0000022ee6b1bb88 code [0x0000022ee6b1bd60, 0x0000022ee6b1c858]
Event: 3.269 Thread 0x0000022ec5048130 2137       3       java.io.SequenceInputStream::read (68 bytes)
Event: 3.270 Thread 0x0000022ec5048130 nmethod 2137 0x0000022ee6b1c908 code [0x0000022ee6b1cac0, 0x0000022ee6b1d2c0]
Event: 3.270 Thread 0x0000022ec5048130 2138       3       java.util.zip.InflaterInputStream::fill (60 bytes)
Event: 3.271 Thread 0x0000022ec5048130 nmethod 2138 0x0000022ee6b1d308 code [0x0000022ee6b1d480, 0x0000022ee6b1d960]
Event: 3.271 Thread 0x0000022ec5048130 2136       3       java.io.BufferedInputStream::getInIfOpen (21 bytes)
Event: 3.271 Thread 0x0000022ec5048130 nmethod 2136 0x0000022ee6b1d988 code [0x0000022ee6b1dac0, 0x0000022ee6b1dcc8]
Event: 3.278 Thread 0x0000022ec5047680 nmethod 2128 0x0000022eee3dfb88 code [0x0000022eee3dfd20, 0x0000022eee3e0730]
Event: 3.278 Thread 0x0000022ec5047680 2133       4       com.sun.javafx.iio.png.PNGImageLoader2::doAvrgFilter (87 bytes)
Event: 3.280 Thread 0x0000022ec5048130 2139       3       java.io.DataInputStream::read (11 bytes)
Event: 3.281 Thread 0x0000022ec5048130 nmethod 2139 0x0000022ee6b1dd08 code [0x0000022ee6b1de20, 0x0000022ee6b1e000]
Event: 3.281 Thread 0x0000022ec5048130 2140       3       com.sun.javafx.iio.png.PNGIDATChunkInputStream::read (128 bytes)
Event: 3.282 Thread 0x0000022ec5048130 nmethod 2140 0x0000022ee6b1e088 code [0x0000022ee6b1e220, 0x0000022ee6b1e870]
Event: 3.282 Thread 0x0000022ec5048130 2141       3       java.util.zip.InflaterInputStream::available (32 bytes)
Event: 3.283 Thread 0x0000022ec5048130 nmethod 2141 0x0000022ee6b1e908 code [0x0000022ee6b1ea60, 0x0000022ee6b1ef90]
Event: 3.292 Thread 0x0000022ec5048130 2143 %     3       com.sun.javafx.iio.png.PNGImageLoader2::doSubFilter @ 6 (35 bytes)
Event: 3.293 Thread 0x0000022ec5048130 nmethod 2143% 0x0000022ee6b1f008 code [0x0000022ee6b1f140, 0x0000022ee6b1f420]
Event: 3.293 Thread 0x0000022ec5048130 2144       3       com.sun.javafx.iio.png.PNGImageLoader2::doSubFilter (35 bytes)
Event: 3.293 Thread 0x0000022ec5048130 nmethod 2144 0x0000022ee6b1f488 code [0x0000022ee6b1f5a0, 0x0000022ee6b1f7a0]

GC Heap History (20 events):
Event: 1.381 GC heap after
{Heap after GC invocations=1 (full 0):
 garbage-first heap   total reserved 4116480K, committed 258048K, used 4109K [0x0000000704c00000, 0x0000000800000000)
  region size 2048K, 2 young (4096K), 2 survivors (4096K)
 Metaspace       used 5228K, committed 5440K, reserved 1114112K
  class space    used 602K, committed 704K, reserved 1048576K
}
Event: 2.559 GC heap before
{Heap before GC invocations=1 (full 0):
 garbage-first heap   total reserved 4116480K, committed 258048K, used 24589K [0x0000000704c00000, 0x0000000800000000)
  region size 2048K, 13 young (26624K), 2 survivors (4096K)
 Metaspace       used 10893K, committed 11200K, reserved 1114112K
  class space    used 1324K, committed 1472K, reserved 1048576K
}
Event: 2.570 GC heap after
{Heap after GC invocations=2 (full 0):
 garbage-first heap   total reserved 4116480K, committed 258048K, used 8579K [0x0000000704c00000, 0x0000000800000000)
  region size 2048K, 2 young (4096K), 2 survivors (4096K)
 Metaspace       used 10893K, committed 11200K, reserved 1114112K
  class space    used 1324K, committed 1472K, reserved 1048576K
}
Event: 2.798 GC heap before
{Heap before GC invocations=2 (full 0):
 garbage-first heap   total reserved 4116480K, committed 258048K, used 63875K [0x0000000704c00000, 0x0000000800000000)
  region size 2048K, 29 young (59392K), 2 survivors (4096K)
 Metaspace       used 12643K, committed 12992K, reserved 1114112K
  class space    used 1629K, committed 1792K, reserved 1048576K
}
Event: 2.802 GC heap after
{Heap after GC invocations=3 (full 0):
 garbage-first heap   total reserved 4116480K, committed 258048K, used 6853K [0x0000000704c00000, 0x0000000800000000)
  region size 2048K, 2 young (4096K), 2 survivors (4096K)
 Metaspace       used 12643K, committed 12992K, reserved 1114112K
  class space    used 1629K, committed 1792K, reserved 1048576K
}
Event: 2.881 GC heap before
{Heap before GC invocations=3 (full 0):
 garbage-first heap   total reserved 4116480K, committed 258048K, used 78533K [0x0000000704c00000, 0x0000000800000000)
  region size 2048K, 37 young (75776K), 2 survivors (4096K)
 Metaspace       used 13102K, committed 13440K, reserved 1114112K
  class space    used 1706K, committed 1856K, reserved 1048576K
}
Event: 2.886 GC heap after
{Heap after GC invocations=4 (full 0):
 garbage-first heap   total reserved 4116480K, committed 258048K, used 7059K [0x0000000704c00000, 0x0000000800000000)
  region size 2048K, 2 young (4096K), 2 survivors (4096K)
 Metaspace       used 13102K, committed 13440K, reserved 1114112K
  class space    used 1706K, committed 1856K, reserved 1048576K
}
Event: 2.950 GC heap before
{Heap before GC invocations=4 (full 0):
 garbage-first heap   total reserved 4116480K, committed 258048K, used 109459K [0x0000000704c00000, 0x0000000800000000)
  region size 2048K, 52 young (106496K), 2 survivors (4096K)
 Metaspace       used 13148K, committed 13504K, reserved 1114112K
  class space    used 1710K, committed 1856K, reserved 1048576K
}
Event: 2.955 GC heap after
{Heap after GC invocations=5 (full 0):
 garbage-first heap   total reserved 4116480K, committed 258048K, used 6959K [0x0000000704c00000, 0x0000000800000000)
  region size 2048K, 2 young (4096K), 2 survivors (4096K)
 Metaspace       used 13148K, committed 13504K, reserved 1114112K
  class space    used 1710K, committed 1856K, reserved 1048576K
}
Event: 3.015 GC heap before
{Heap before GC invocations=5 (full 0):
 garbage-first heap   total reserved 4116480K, committed 258048K, used 138031K [0x0000000704c00000, 0x0000000800000000)
  region size 2048K, 66 young (135168K), 2 survivors (4096K)
 Metaspace       used 13464K, committed 13824K, reserved 1114112K
  class space    used 1748K, committed 1920K, reserved 1048576K
}
Event: 3.019 GC heap after
{Heap after GC invocations=6 (full 0):
 garbage-first heap   total reserved 4116480K, committed 258048K, used 7075K [0x0000000704c00000, 0x0000000800000000)
  region size 2048K, 2 young (4096K), 2 survivors (4096K)
 Metaspace       used 13464K, committed 13824K, reserved 1114112K
  class space    used 1748K, committed 1920K, reserved 1048576K
}
Event: 3.069 GC heap before
{Heap before GC invocations=6 (full 0):
 garbage-first heap   total reserved 4116480K, committed 258048K, used 154531K [0x0000000704c00000, 0x0000000800000000)
  region size 2048K, 74 young (151552K), 2 survivors (4096K)
 Metaspace       used 13665K, committed 13952K, reserved 1114112K
  class space    used 1782K, committed 1920K, reserved 1048576K
}
Event: 3.077 GC heap after
{Heap after GC invocations=7 (full 0):
 garbage-first heap   total reserved 4116480K, committed 409600K, used 7093K [0x0000000704c00000, 0x0000000800000000)
  region size 2048K, 2 young (4096K), 2 survivors (4096K)
 Metaspace       used 13665K, committed 13952K, reserved 1114112K
  class space    used 1782K, committed 1920K, reserved 1048576K
}
Event: 3.121 GC heap before
{Heap before GC invocations=7 (full 0):
 garbage-first heap   total reserved 4116480K, committed 409600K, used 213941K [0x0000000704c00000, 0x0000000800000000)
  region size 2048K, 103 young (210944K), 2 survivors (4096K)
 Metaspace       used 13676K, committed 13952K, reserved 1114112K
  class space    used 1784K, committed 1920K, reserved 1048576K
}
Event: 3.125 GC heap after
{Heap after GC invocations=8 (full 0):
 garbage-first heap   total reserved 4116480K, committed 409600K, used 7064K [0x0000000704c00000, 0x0000000800000000)
  region size 2048K, 2 young (4096K), 2 survivors (4096K)
 Metaspace       used 13676K, committed 13952K, reserved 1114112K
  class space    used 1784K, committed 1920K, reserved 1048576K
}
Event: 3.165 GC heap before
{Heap before GC invocations=8 (full 0):
 garbage-first heap   total reserved 4116480K, committed 409600K, used 248728K [0x0000000704c00000, 0x0000000800000000)
  region size 2048K, 120 young (245760K), 2 survivors (4096K)
 Metaspace       used 13779K, committed 14144K, reserved 1114112K
  class space    used 1805K, committed 1984K, reserved 1048576K
}
Event: 3.170 GC heap after
{Heap after GC invocations=9 (full 0):
 garbage-first heap   total reserved 4116480K, committed 409600K, used 7050K [0x0000000704c00000, 0x0000000800000000)
  region size 2048K, 2 young (4096K), 2 survivors (4096K)
 Metaspace       used 13779K, committed 14144K, reserved 1114112K
  class space    used 1805K, committed 1984K, reserved 1048576K
}
Event: 3.222 GC heap before
{Heap before GC invocations=9 (full 0):
 garbage-first heap   total reserved 4116480K, committed 409600K, used 248714K [0x0000000704c00000, 0x0000000800000000)
  region size 2048K, 120 young (245760K), 2 survivors (4096K)
 Metaspace       used 13907K, committed 14272K, reserved 1114112K
  class space    used 1837K, committed 1984K, reserved 1048576K
}
Event: 3.228 GC heap after
{Heap after GC invocations=10 (full 0):
 garbage-first heap   total reserved 4116480K, committed 409600K, used 7092K [0x0000000704c00000, 0x0000000800000000)
  region size 2048K, 2 young (4096K), 2 survivors (4096K)
 Metaspace       used 13907K, committed 14272K, reserved 1114112K
  class space    used 1837K, committed 1984K, reserved 1048576K
}
Event: 3.295 GC heap before
{Heap before GC invocations=10 (full 0):
 garbage-first heap   total reserved 4116480K, committed 409600K, used 252852K [0x0000000704c00000, 0x0000000800000000)
  region size 2048K, 120 young (245760K), 2 survivors (4096K)
 Metaspace       used 13947K, committed 14272K, reserved 1114112K
  class space    used 1839K, committed 1984K, reserved 1048576K
}

Dll operation events (20 events):
Event: 1.232 Loaded shared library C:\Users\lenovo\.openjfx\cache\17.0.6\api-ms-win-crt-multibyte-l1-1-0.dll
Event: 1.238 Loaded shared library C:\Users\lenovo\.openjfx\cache\17.0.6\api-ms-win-crt-private-l1-1-0.dll
Event: 1.244 Loaded shared library C:\Users\lenovo\.openjfx\cache\17.0.6\api-ms-win-crt-process-l1-1-0.dll
Event: 1.249 Loaded shared library C:\Users\lenovo\.openjfx\cache\17.0.6\api-ms-win-crt-runtime-l1-1-0.dll
Event: 1.254 Loaded shared library C:\Users\lenovo\.openjfx\cache\17.0.6\api-ms-win-crt-stdio-l1-1-0.dll
Event: 1.260 Loaded shared library C:\Users\lenovo\.openjfx\cache\17.0.6\api-ms-win-crt-string-l1-1-0.dll
Event: 1.266 Loaded shared library C:\Users\lenovo\.openjfx\cache\17.0.6\api-ms-win-crt-time-l1-1-0.dll
Event: 1.273 Loaded shared library C:\Users\lenovo\.openjfx\cache\17.0.6\api-ms-win-crt-utility-l1-1-0.dll
Event: 1.311 Loaded shared library C:\Users\lenovo\.openjfx\cache\17.0.6\ucrtbase.dll
Event: 1.320 Loaded shared library C:\Users\lenovo\.openjfx\cache\17.0.6\vcruntime140.dll
Event: 1.326 Loaded shared library C:\Users\lenovo\.openjfx\cache\17.0.6\vcruntime140_1.dll
Event: 1.346 Loaded shared library C:\Users\lenovo\.openjfx\cache\17.0.6\msvcp140.dll
Event: 1.351 Loaded shared library C:\Users\lenovo\.openjfx\cache\17.0.6\msvcp140_1.dll
Event: 1.363 Loaded shared library C:\Users\lenovo\.openjfx\cache\17.0.6\msvcp140_2.dll
Event: 1.473 Loaded shared library C:\Users\lenovo\.openjfx\cache\17.0.6\prism_d3d.dll
Event: 1.849 Loaded shared library C:\Users\lenovo\.openjfx\cache\17.0.6\glass.dll
Event: 2.332 Loaded shared library C:\Users\lenovo\.openjfx\cache\17.0.6\glib-lite.dll
Event: 2.367 Loaded shared library C:\Users\lenovo\.openjfx\cache\17.0.6\gstreamer-lite.dll
Event: 2.396 Loaded shared library C:\Users\lenovo\.openjfx\cache\17.0.6\jfxmedia.dll
Event: 2.754 Loaded shared library C:\Users\lenovo\.openjfx\cache\17.0.6\javafx_font.dll

Deoptimization events (20 events):
Event: 3.287 Thread 0x0000022ec6425e50 DEOPT PACKING pc=0x0000022ee6b1a6bd sp=0x00000063c52fddd0
Event: 3.287 Thread 0x0000022ec6425e50 DEOPT UNPACKING pc=0x0000022eeddf4b22 sp=0x00000063c52fd278 mode 0
Event: 3.288 Thread 0x0000022ec6425e50 DEOPT PACKING pc=0x0000022ee6b1a6bd sp=0x00000063c52fddd0
Event: 3.288 Thread 0x0000022ec6425e50 DEOPT UNPACKING pc=0x0000022eeddf4b22 sp=0x00000063c52fd278 mode 0
Event: 3.289 Thread 0x0000022ec6425e50 DEOPT PACKING pc=0x0000022ee6b1a6bd sp=0x00000063c52fddd0
Event: 3.289 Thread 0x0000022ec6425e50 DEOPT UNPACKING pc=0x0000022eeddf4b22 sp=0x00000063c52fd278 mode 0
Event: 3.290 Thread 0x0000022ec6425e50 DEOPT PACKING pc=0x0000022ee6b1a6bd sp=0x00000063c52fddd0
Event: 3.290 Thread 0x0000022ec6425e50 DEOPT UNPACKING pc=0x0000022eeddf4b22 sp=0x00000063c52fd278 mode 0
Event: 3.291 Thread 0x0000022ec6425e50 DEOPT PACKING pc=0x0000022ee6b1a6bd sp=0x00000063c52fddd0
Event: 3.291 Thread 0x0000022ec6425e50 DEOPT UNPACKING pc=0x0000022eeddf4b22 sp=0x00000063c52fd278 mode 0
Event: 3.291 Thread 0x0000022ec6425e50 DEOPT PACKING pc=0x0000022ee6b1a6bd sp=0x00000063c52fddd0
Event: 3.291 Thread 0x0000022ec6425e50 DEOPT UNPACKING pc=0x0000022eeddf4b22 sp=0x00000063c52fd278 mode 0
Event: 3.293 Thread 0x0000022ec6425e50 DEOPT PACKING pc=0x0000022ee6b1a6bd sp=0x00000063c52fddd0
Event: 3.293 Thread 0x0000022ec6425e50 DEOPT UNPACKING pc=0x0000022eeddf4b22 sp=0x00000063c52fd278 mode 0
Event: 3.293 Thread 0x0000022ec6425e50 DEOPT PACKING pc=0x0000022ee6b1a6bd sp=0x00000063c52fddd0
Event: 3.293 Thread 0x0000022ec6425e50 DEOPT UNPACKING pc=0x0000022eeddf4b22 sp=0x00000063c52fd278 mode 0
Event: 3.294 Thread 0x0000022ec6425e50 DEOPT PACKING pc=0x0000022ee6b1a6bd sp=0x00000063c52fddd0
Event: 3.294 Thread 0x0000022ec6425e50 DEOPT UNPACKING pc=0x0000022eeddf4b22 sp=0x00000063c52fd278 mode 0
Event: 3.295 Thread 0x0000022ec6425e50 DEOPT PACKING pc=0x0000022ee6b1a6bd sp=0x00000063c52fddd0
Event: 3.295 Thread 0x0000022ec6425e50 DEOPT UNPACKING pc=0x0000022eeddf4b22 sp=0x00000063c52fd278 mode 0

Classes loaded (20 events):
Event: 2.847 Loading class java/lang/foreign/MemorySegment$Scope done
Event: 2.847 Loading class jdk/internal/foreign/MemorySessionImpl done
Event: 2.865 Loading class java/util/ResourceBundle$3
Event: 2.866 Loading class java/util/ResourceBundle$3 done
Event: 2.866 Loading class java/util/PropertyResourceBundle
Event: 2.867 Loading class java/util/PropertyResourceBundle done
Event: 2.867 Loading class sun/util/PropertyResourceBundleCharset
Event: 2.867 Loading class sun/util/PropertyResourceBundleCharset done
Event: 2.867 Loading class sun/util/PropertyResourceBundleCharset$PropertiesFileDecoder
Event: 2.867 Loading class sun/util/PropertyResourceBundleCharset$PropertiesFileDecoder done
Event: 3.172 Loading class java/util/WeakHashMap$EntrySet
Event: 3.173 Loading class java/util/WeakHashMap$EntrySet done
Event: 3.173 Loading class java/util/WeakHashMap$EntryIterator
Event: 3.173 Loading class java/util/WeakHashMap$EntryIterator done
Event: 3.198 Loading class java/util/ConcurrentModificationException
Event: 3.199 Loading class java/util/ConcurrentModificationException done
Event: 3.214 Loading class java/io/SequenceInputStream
Event: 3.214 Loading class java/io/SequenceInputStream done
Event: 3.220 Loading class java/io/EOFException
Event: 3.221 Loading class java/io/EOFException done

Classes unloaded (0 events):
No events

Classes redefined (0 events):
No events

Internal exceptions (20 events):
Event: 1.864 Thread 0x0000022edbe88e90 Exception <a 'java/lang/NoSuchMethodError'{0x0000000713ea7ea0}: 'java.lang.Object java.lang.invoke.DirectMethodHandle$Holder.invokeSpecial(java.lang.Object, java.lang.Object, java.lang.Object, int, java.lang.Object)'> (0x0000000713ea7ea0) 
thrown [s\open\src\hotspot\share\interpreter\linkResolver.cpp, line 796]
Event: 1.866 Thread 0x0000022ec501b560 Exception <a 'java/lang/ClassNotFoundException'{0x0000000713f02f50}: javax/management/remote/rmi/RMIConnectionImpl_Skel> (0x0000000713f02f50) 
thrown [s\open\src\hotspot\share\classfile\systemDictionary.cpp, line 313]
Event: 1.873 Thread 0x0000022ec64257c0 Exception <a 'java/lang/NoSuchMethodError'{0x0000000713f6cf28}: 'java.lang.Object java.lang.invoke.Invokers$Holder.linkToTargetMethod(java.lang.Object, long, java.lang.Object)'> (0x0000000713f6cf28) 
thrown [s\open\src\hotspot\share\interpreter\linkResolver.cpp, line 796]
Event: 1.915 Thread 0x0000022ec501b560 Exception <a 'java/lang/NoSuchMethodError'{0x0000000713fb5fe0}: 'int java.lang.invoke.DelegatingMethodHandle$Holder.reinvoke_L(java.lang.Object, java.lang.Object, java.lang.Object, java.lang.Object, java.lang.Object)'> (0x0000000713fb5fe0) 
thrown [s\open\src\hotspot\share\interpreter\linkResolver.cpp, line 796]
Event: 1.928 Thread 0x0000022ec501b560 Exception <a 'java/lang/NoSuchMethodError'{0x0000000713fd1ce0}: 'java.lang.Object java.lang.invoke.DirectMethodHandle$Holder.invokeInterface(java.lang.Object, java.lang.Object, java.lang.Object, java.lang.Object, java.lang.Object)'> (0x0000000713fd1ce0) 
thrown [s\open\src\hotspot\share\interpreter\linkResolver.cpp, line 796]
Event: 1.940 Thread 0x0000022ec501b560 Exception <a 'java/lang/NoSuchMethodError'{0x0000000713c2b538}: 'double java.lang.invoke.DirectMethodHandle$Holder.invokeInterface(java.lang.Object, java.lang.Object)'> (0x0000000713c2b538) 
thrown [s\open\src\hotspot\share\interpreter\linkResolver.cpp, line 796]
Event: 1.941 Thread 0x0000022ec501b560 Exception <a 'java/lang/NoSuchMethodError'{0x0000000713c32f08}: 'double java.lang.invoke.DelegatingMethodHandle$Holder.reinvoke_L(java.lang.Object, java.lang.Object)'> (0x0000000713c32f08) 
thrown [s\open\src\hotspot\share\interpreter\linkResolver.cpp, line 796]
Event: 2.134 Thread 0x0000022ec6425e50 Exception <a 'java/lang/NoSuchMethodError'{0x0000000713a8a588}: 'void java.lang.invoke.DirectMethodHandle$Holder.invokeStaticInit(java.lang.Object)'> (0x0000000713a8a588) 
thrown [s\open\src\hotspot\share\interpreter\linkResolver.cpp, line 796]
Event: 2.140 Thread 0x0000022edbe88e90 Exception <a 'java/lang/NoSuchMethodError'{0x0000000713eb7a68}: 'java.lang.Object java.lang.invoke.DirectMethodHandle$Holder.newInvokeSpecial(java.lang.Object, java.lang.Object, java.lang.Object, java.lang.Object, java.lang.Object, java.lang.Object)'> (0x0000000713eb7a68) 
thrown [s\open\src\hotspot\share\interpreter\linkResolver.cpp, line 796]
Event: 2.410 Thread 0x0000022ec6425e50 Exception <a 'java/lang/NoSuchMethodError'{0x000000071379df70}: 'long java.lang.invoke.DirectMethodHandle$Holder.invokeVirtual(java.lang.Object, java.lang.Object)'> (0x000000071379df70) 
thrown [s\open\src\hotspot\share\interpreter\linkResolver.cpp, line 796]
Event: 2.410 Thread 0x0000022ec6425e50 Exception <a 'java/lang/NoSuchMethodError'{0x00000007137a1568}: 'long java.lang.invoke.DelegatingMethodHandle$Holder.reinvoke_L(java.lang.Object, java.lang.Object)'> (0x00000007137a1568) 
thrown [s\open\src\hotspot\share\interpreter\linkResolver.cpp, line 796]
Event: 2.417 Thread 0x0000022ec6425e50 Implicit null exception at 0x0000022eee36bf70 to 0x0000022eee36c5b4
Event: 2.417 Thread 0x0000022ec6425e50 Implicit null exception at 0x0000022eee36ae70 to 0x0000022eee36b4bc
Event: 2.482 Thread 0x0000022ec6425e50 Exception <a 'java/lang/NullPointerException'{0x0000000713500590}> (0x0000000713500590) 
thrown [s\open\src\hotspot\share\interpreter\linkResolver.cpp, line 1473]
Event: 2.519 Thread 0x0000022ec6425e50 Exception <a 'sun/nio/fs/WindowsException'{0x00000007135d92a8}> (0x00000007135d92a8) 
thrown [s\open\src\hotspot\share\prims\jni.cpp, line 520]
Event: 2.520 Thread 0x0000022ec6425e50 Exception <a 'sun/nio/fs/WindowsException'{0x00000007135daa20}> (0x00000007135daa20) 
thrown [s\open\src\hotspot\share\prims\jni.cpp, line 520]
Event: 2.521 Thread 0x0000022ec6425e50 Exception <a 'sun/nio/fs/WindowsException'{0x00000007135dc020}> (0x00000007135dc020) 
thrown [s\open\src\hotspot\share\prims\jni.cpp, line 520]
Event: 2.626 Thread 0x0000022ec6425e50 Exception <a 'java/lang/NoSuchMethodError'{0x00000007144ca5d8}: 'java.lang.Object java.lang.invoke.DirectMethodHandle$Holder.invokeStaticInit(java.lang.Object, java.lang.Object, java.lang.Object, java.lang.Object)'> (0x00000007144ca5d8) 
thrown [s\open\src\hotspot\share\interpreter\linkResolver.cpp, line 796]
Event: 2.653 Thread 0x0000022ec6425e50 Exception <a 'java/lang/NullPointerException'{0x00000007142061e8}> (0x00000007142061e8) 
thrown [s\open\src\hotspot\share\interpreter\linkResolver.cpp, line 1389]
Event: 3.148 Thread 0x0000022ec6425e50 Exception <a 'java/lang/NoSuchMethodError'{0x000000071a310308}: 'java.lang.Object java.lang.invoke.DirectMethodHandle$Holder.newInvokeSpecial(java.lang.Object, java.lang.Object, int)'> (0x000000071a310308) 
thrown [s\open\src\hotspot\share\interpreter\linkResolver.cpp, line 796]

VM Operations (20 events):
Event: 2.495 Executing VM operation: HandshakeAllThreads (Deoptimize) done
Event: 2.559 Executing VM operation: G1CollectForAllocation (G1 Evacuation Pause)
Event: 2.570 Executing VM operation: G1CollectForAllocation (G1 Evacuation Pause) done
Event: 2.797 Executing VM operation: G1CollectForAllocation (G1 Evacuation Pause)
Event: 2.802 Executing VM operation: G1CollectForAllocation (G1 Evacuation Pause) done
Event: 2.881 Executing VM operation: G1CollectForAllocation (G1 Evacuation Pause)
Event: 2.886 Executing VM operation: G1CollectForAllocation (G1 Evacuation Pause) done
Event: 2.950 Executing VM operation: G1CollectForAllocation (G1 Evacuation Pause)
Event: 2.955 Executing VM operation: G1CollectForAllocation (G1 Evacuation Pause) done
Event: 3.015 Executing VM operation: G1CollectForAllocation (G1 Evacuation Pause)
Event: 3.020 Executing VM operation: G1CollectForAllocation (G1 Evacuation Pause) done
Event: 3.069 Executing VM operation: G1CollectForAllocation (G1 Evacuation Pause)
Event: 3.077 Executing VM operation: G1CollectForAllocation (G1 Evacuation Pause) done
Event: 3.121 Executing VM operation: G1CollectForAllocation (G1 Evacuation Pause)
Event: 3.125 Executing VM operation: G1CollectForAllocation (G1 Evacuation Pause) done
Event: 3.165 Executing VM operation: G1CollectForAllocation (G1 Evacuation Pause)
Event: 3.170 Executing VM operation: G1CollectForAllocation (G1 Evacuation Pause) done
Event: 3.222 Executing VM operation: G1CollectForAllocation (G1 Evacuation Pause)
Event: 3.228 Executing VM operation: G1CollectForAllocation (G1 Evacuation Pause) done
Event: 3.295 Executing VM operation: G1CollectForAllocation (G1 Evacuation Pause)

Memory protections (0 events):
No events

Nmethod flushes (0 events):
No events

Events (20 events):
Event: 3.292 Thread 0x0000022ec64292d0 Thread exited: 0x0000022ec64292d0
Event: 3.293 Thread 0x0000022ec64292d0 Thread added: 0x0000022ec64292d0
Event: 3.293 Thread 0x0000022ec64292d0 Thread exited: 0x0000022ec64292d0
Event: 3.293 Thread 0x0000022ec64264e0 Thread added: 0x0000022ec64264e0
Event: 3.293 Thread 0x0000022ec64264e0 Thread exited: 0x0000022ec64264e0
Event: 3.293 Thread 0x0000022ec64292d0 Thread added: 0x0000022ec64292d0
Event: 3.293 Thread 0x0000022ec64292d0 Thread exited: 0x0000022ec64292d0
Event: 3.293 Thread 0x0000022ec64292d0 Thread added: 0x0000022ec64292d0
Event: 3.293 Thread 0x0000022ec64292d0 Thread exited: 0x0000022ec64292d0
Event: 3.294 Thread 0x0000022ec6426b70 Thread added: 0x0000022ec6426b70
Event: 3.294 Thread 0x0000022ec6426b70 Thread exited: 0x0000022ec6426b70
Event: 3.294 Thread 0x0000022ec64292d0 Thread added: 0x0000022ec64292d0
Event: 3.294 Thread 0x0000022ec64292d0 Thread exited: 0x0000022ec64292d0
Event: 3.294 Thread 0x0000022ec6426b70 Thread added: 0x0000022ec6426b70
Event: 3.294 Thread 0x0000022ec6426b70 Thread exited: 0x0000022ec6426b70
Event: 3.294 Thread 0x0000022ec64292d0 Thread added: 0x0000022ec64292d0
Event: 3.294 Thread 0x0000022ec64292d0 Thread exited: 0x0000022ec64292d0
Event: 3.294 Thread 0x0000022ec64264e0 Thread added: 0x0000022ec64264e0
Event: 3.294 Thread 0x0000022ec64264e0 Thread exited: 0x0000022ec64264e0
Event: 3.295 Thread 0x0000022ec64292d0 Thread added: 0x0000022ec64292d0


Dynamic libraries:
0x00007ff666710000 - 0x00007ff66671e000 	C:\Users\lenovo\.jdks\openjdk-23.0.2\bin\java.exe
0x00007fff2a980000 - 0x00007fff2abe3000 	C:\WINDOWS\SYSTEM32\ntdll.dll
0x00007fff295d0000 - 0x00007fff29697000 	C:\WINDOWS\System32\KERNEL32.DLL
0x00007fff27e70000 - 0x00007fff28237000 	C:\WINDOWS\System32\KERNELBASE.dll
0x00007fff28240000 - 0x00007fff2838c000 	C:\WINDOWS\System32\ucrtbase.dll
0x00007fff20f10000 - 0x00007fff20f27000 	C:\Users\lenovo\.jdks\openjdk-23.0.2\bin\jli.dll
0x00007fff20ef0000 - 0x00007fff20f0b000 	C:\Users\lenovo\.jdks\openjdk-23.0.2\bin\VCRUNTIME140.dll
0x00007fff28f10000 - 0x00007fff290d9000 	C:\WINDOWS\System32\USER32.dll
0x00007fff0e430000 - 0x00007fff0e6c0000 	C:\WINDOWS\WinSxS\amd64_microsoft.windows.common-controls_6595b64144ccf1df_6.0.26100.3037_none_3e09262ce333c378\COMCTL32.dll
0x00007fff28790000 - 0x00007fff287b7000 	C:\WINDOWS\System32\win32u.dll
0x00007fff2a720000 - 0x00007fff2a74a000 	C:\WINDOWS\System32\GDI32.dll
0x00007fff296a0000 - 0x00007fff29749000 	C:\WINDOWS\System32\msvcrt.dll
0x00007fff28390000 - 0x00007fff284bb000 	C:\WINDOWS\System32\gdi32full.dll
0x00007fff286e0000 - 0x00007fff28783000 	C:\WINDOWS\System32\msvcp_win.dll
0x00007fff2a270000 - 0x00007fff2a29f000 	C:\WINDOWS\System32\IMM32.DLL
0x00007fff21200000 - 0x00007fff2120c000 	C:\Users\lenovo\.jdks\openjdk-23.0.2\bin\vcruntime140_1.dll
0x00007fff16400000 - 0x00007fff1648e000 	C:\Users\lenovo\.jdks\openjdk-23.0.2\bin\msvcp140.dll
0x00007ffede470000 - 0x00007ffedf1c0000 	C:\Users\lenovo\.jdks\openjdk-23.0.2\bin\server\jvm.dll
0x00007fff2a630000 - 0x00007fff2a6e4000 	C:\WINDOWS\System32\ADVAPI32.dll
0x00007fff2a020000 - 0x00007fff2a0c6000 	C:\WINDOWS\System32\sechost.dll
0x00007fff2a510000 - 0x00007fff2a626000 	C:\WINDOWS\System32\RPCRT4.dll
0x00007fff287c0000 - 0x00007fff28834000 	C:\WINDOWS\System32\WS2_32.dll
0x00007fff27bb0000 - 0x00007fff27bfe000 	C:\WINDOWS\SYSTEM32\POWRPROF.dll
0x00007fff10430000 - 0x00007fff1043b000 	C:\WINDOWS\SYSTEM32\VERSION.dll
0x00007fff1e950000 - 0x00007fff1e986000 	C:\WINDOWS\SYSTEM32\WINMM.dll
0x00007fff27b90000 - 0x00007fff27ba4000 	C:\WINDOWS\SYSTEM32\UMPDC.dll
0x00007fff26b10000 - 0x00007fff26b2a000 	C:\WINDOWS\SYSTEM32\kernel.appcore.dll
0x00007fff20f40000 - 0x00007fff20f4a000 	C:\Users\lenovo\.jdks\openjdk-23.0.2\bin\jimage.dll
0x00007fff25470000 - 0x00007fff256b1000 	C:\WINDOWS\SYSTEM32\DBGHELP.DLL
0x00007fff288c0000 - 0x00007fff28c3e000 	C:\WINDOWS\System32\combase.dll
0x00007fff28c60000 - 0x00007fff28d36000 	C:\WINDOWS\System32\OLEAUT32.dll
0x00007fff09880000 - 0x00007fff098b9000 	C:\WINDOWS\SYSTEM32\dbgcore.DLL
0x00007fff28640000 - 0x00007fff286d9000 	C:\WINDOWS\System32\bcryptPrimitives.dll
0x00007fff20ec0000 - 0x00007fff20ecf000 	C:\Users\lenovo\.jdks\openjdk-23.0.2\bin\instrument.dll
0x00007fff20ed0000 - 0x00007fff20eee000 	C:\Users\lenovo\.jdks\openjdk-23.0.2\bin\java.dll
0x00007fff29750000 - 0x00007fff298e5000 	C:\WINDOWS\System32\ole32.dll
0x00007fff29910000 - 0x00007fff2a014000 	C:\WINDOWS\System32\SHELL32.dll
0x00007fff259e0000 - 0x00007fff26217000 	C:\WINDOWS\SYSTEM32\windows.storage.dll
0x00007fff2a850000 - 0x00007fff2a939000 	C:\WINDOWS\System32\SHCORE.dll
0x00007fff29570000 - 0x00007fff295cd000 	C:\WINDOWS\System32\shlwapi.dll
0x00007fff27c30000 - 0x00007fff27c5e000 	C:\WINDOWS\SYSTEM32\profapi.dll
0x00007fff13000000 - 0x00007fff130d7000 	C:\Users\lenovo\.jdks\openjdk-23.0.2\bin\jsvml.dll
0x00007fff20e80000 - 0x00007fff20e90000 	C:\Users\lenovo\.jdks\openjdk-23.0.2\bin\net.dll
0x00007fff27000000 - 0x00007fff2706a000 	C:\WINDOWS\system32\mswsock.dll
0x00007fff20d50000 - 0x00007fff20d66000 	C:\Users\lenovo\.jdks\openjdk-23.0.2\bin\nio.dll
0x00007fff20410000 - 0x00007fff20427000 	C:\Users\lenovo\.jdks\openjdk-23.0.2\bin\zip.dll
0x00007fff203f0000 - 0x00007fff2040a000 	C:\Program Files\JetBrains\IntelliJ IDEA 2024.2.0.2\bin\breakgen64.dll
0x0000022ec6bf0000 - 0x0000022ec6bf3000 	C:\Users\lenovo\.openjfx\cache\17.0.6\api-ms-win-core-console-l1-1-0.dll
0x0000022ec6c00000 - 0x0000022ec6c03000 	C:\Users\lenovo\.openjfx\cache\17.0.6\api-ms-win-core-console-l1-2-0.dll
0x0000022ec6c10000 - 0x0000022ec6c13000 	C:\Users\lenovo\.openjfx\cache\17.0.6\api-ms-win-core-datetime-l1-1-0.dll
0x0000022ec6c20000 - 0x0000022ec6c23000 	C:\Users\lenovo\.openjfx\cache\17.0.6\api-ms-win-core-debug-l1-1-0.dll
0x0000022ec6c30000 - 0x0000022ec6c33000 	C:\Users\lenovo\.openjfx\cache\17.0.6\api-ms-win-core-errorhandling-l1-1-0.dll
0x0000022ec6c40000 - 0x0000022ec6c44000 	C:\Users\lenovo\.openjfx\cache\17.0.6\api-ms-win-core-file-l1-1-0.dll
0x0000022ec6c50000 - 0x0000022ec6c53000 	C:\Users\lenovo\.openjfx\cache\17.0.6\api-ms-win-core-file-l1-2-0.dll
0x0000022ec6c60000 - 0x0000022ec6c63000 	C:\Users\lenovo\.openjfx\cache\17.0.6\api-ms-win-core-file-l2-1-0.dll
0x0000022ec6c70000 - 0x0000022ec6c73000 	C:\Users\lenovo\.openjfx\cache\17.0.6\api-ms-win-core-handle-l1-1-0.dll
0x0000022ec6c80000 - 0x0000022ec6c83000 	C:\Users\lenovo\.openjfx\cache\17.0.6\api-ms-win-core-heap-l1-1-0.dll
0x0000022ec6c90000 - 0x0000022ec6c93000 	C:\Users\lenovo\.openjfx\cache\17.0.6\api-ms-win-core-interlocked-l1-1-0.dll
0x0000022ec6ca0000 - 0x0000022ec6ca3000 	C:\Users\lenovo\.openjfx\cache\17.0.6\api-ms-win-core-libraryloader-l1-1-0.dll
0x00007fff26620000 - 0x00007fff26745000 	C:\WINDOWS\SYSTEM32\DNSAPI.dll
0x00007fff265e0000 - 0x00007fff26612000 	C:\WINDOWS\SYSTEM32\IPHLPAPI.DLL
0x00007fff2a250000 - 0x00007fff2a25a000 	C:\WINDOWS\System32\NSI.dll
0x00007fff1e5e0000 - 0x00007fff1e5eb000 	C:\Windows\System32\rasadhlp.dll
0x00007fff221b0000 - 0x00007fff22235000 	C:\WINDOWS\System32\fwpuclnt.dll
0x0000022ec6ff0000 - 0x0000022ec6ff3000 	C:\Users\lenovo\.openjfx\cache\17.0.6\api-ms-win-core-localization-l1-2-0.dll
0x0000022ec7000000 - 0x0000022ec7003000 	C:\Users\lenovo\.openjfx\cache\17.0.6\api-ms-win-core-memory-l1-1-0.dll
0x00007fff20e70000 - 0x00007fff20e7a000 	C:\Users\lenovo\.jdks\openjdk-23.0.2\bin\management.dll
0x0000022ec7010000 - 0x0000022ec7013000 	C:\Users\lenovo\.openjfx\cache\17.0.6\api-ms-win-core-namedpipe-l1-1-0.dll
0x0000022ec7020000 - 0x0000022ec7023000 	C:\Users\lenovo\.openjfx\cache\17.0.6\api-ms-win-core-processenvironment-l1-1-0.dll
0x0000022ec7030000 - 0x0000022ec7033000 	C:\Users\lenovo\.openjfx\cache\17.0.6\api-ms-win-core-processthreads-l1-1-0.dll
0x0000022ec7040000 - 0x0000022ec7043000 	C:\Users\lenovo\.openjfx\cache\17.0.6\api-ms-win-core-processthreads-l1-1-1.dll
0x00007fff20da0000 - 0x00007fff20dab000 	C:\Users\lenovo\.jdks\openjdk-23.0.2\bin\management_ext.dll
0x00007fff2a7b0000 - 0x00007fff2a7b8000 	C:\WINDOWS\System32\PSAPI.DLL
0x0000022ec7050000 - 0x0000022ec7053000 	C:\Users\lenovo\.openjfx\cache\17.0.6\api-ms-win-core-profile-l1-1-0.dll
0x0000022ec7060000 - 0x0000022ec7063000 	C:\Users\lenovo\.openjfx\cache\17.0.6\api-ms-win-core-rtlsupport-l1-1-0.dll
0x0000022ec7070000 - 0x0000022ec7073000 	C:\Users\lenovo\.openjfx\cache\17.0.6\api-ms-win-core-string-l1-1-0.dll
0x0000022ec7080000 - 0x0000022ec7083000 	C:\Users\lenovo\.openjfx\cache\17.0.6\api-ms-win-core-synch-l1-1-0.dll
0x0000022ec7090000 - 0x0000022ec7093000 	C:\Users\lenovo\.openjfx\cache\17.0.6\api-ms-win-core-synch-l1-2-0.dll
0x0000022ec70a0000 - 0x0000022ec70a3000 	C:\Users\lenovo\.openjfx\cache\17.0.6\api-ms-win-core-sysinfo-l1-1-0.dll
0x0000022ec70b0000 - 0x0000022ec70b3000 	C:\Users\lenovo\.openjfx\cache\17.0.6\api-ms-win-core-timezone-l1-1-0.dll
0x0000022ec70c0000 - 0x0000022ec70c3000 	C:\Users\lenovo\.openjfx\cache\17.0.6\api-ms-win-core-util-l1-1-0.dll
0x0000022ec70d0000 - 0x0000022ec70d3000 	C:\Users\lenovo\.openjfx\cache\17.0.6\api-ms-win-crt-conio-l1-1-0.dll
0x0000022ec70e0000 - 0x0000022ec70e4000 	C:\Users\lenovo\.openjfx\cache\17.0.6\api-ms-win-crt-convert-l1-1-0.dll
0x0000022ec70f0000 - 0x0000022ec70f3000 	C:\Users\lenovo\.openjfx\cache\17.0.6\api-ms-win-crt-environment-l1-1-0.dll
0x0000022ec7100000 - 0x0000022ec7103000 	C:\Users\lenovo\.openjfx\cache\17.0.6\api-ms-win-crt-filesystem-l1-1-0.dll
0x0000022ec7110000 - 0x0000022ec7113000 	C:\Users\lenovo\.openjfx\cache\17.0.6\api-ms-win-crt-heap-l1-1-0.dll
0x0000022ec7120000 - 0x0000022ec7123000 	C:\Users\lenovo\.openjfx\cache\17.0.6\api-ms-win-crt-locale-l1-1-0.dll
0x0000022ec7130000 - 0x0000022ec7135000 	C:\Users\lenovo\.openjfx\cache\17.0.6\api-ms-win-crt-math-l1-1-0.dll
0x0000022ec7140000 - 0x0000022ec7145000 	C:\Users\lenovo\.openjfx\cache\17.0.6\api-ms-win-crt-multibyte-l1-1-0.dll
0x0000022ec7150000 - 0x0000022ec7160000 	C:\Users\lenovo\.openjfx\cache\17.0.6\api-ms-win-crt-private-l1-1-0.dll
0x0000022ec7160000 - 0x0000022ec7163000 	C:\Users\lenovo\.openjfx\cache\17.0.6\api-ms-win-crt-process-l1-1-0.dll
0x0000022ec7170000 - 0x0000022ec7174000 	C:\Users\lenovo\.openjfx\cache\17.0.6\api-ms-win-crt-runtime-l1-1-0.dll
0x0000022ec7180000 - 0x0000022ec7184000 	C:\Users\lenovo\.openjfx\cache\17.0.6\api-ms-win-crt-stdio-l1-1-0.dll
0x0000022ec7190000 - 0x0000022ec7194000 	C:\Users\lenovo\.openjfx\cache\17.0.6\api-ms-win-crt-string-l1-1-0.dll
0x0000022ec71a0000 - 0x0000022ec71a3000 	C:\Users\lenovo\.openjfx\cache\17.0.6\api-ms-win-crt-time-l1-1-0.dll
0x0000022ec71b0000 - 0x0000022ec71b3000 	C:\Users\lenovo\.openjfx\cache\17.0.6\api-ms-win-crt-utility-l1-1-0.dll
0x00007ffee9380000 - 0x00007ffee947c000 	C:\Users\lenovo\.openjfx\cache\17.0.6\ucrtbase.dll
0x00007fff20330000 - 0x00007fff2034a000 	C:\Users\lenovo\.openjfx\cache\17.0.6\vcruntime140.dll
0x00007fff17570000 - 0x00007fff1757c000 	C:\Users\lenovo\.openjfx\cache\17.0.6\vcruntime140_1.dll
0x00007fff12f70000 - 0x00007fff12ffd000 	C:\Users\lenovo\.openjfx\cache\17.0.6\msvcp140.dll
0x00007fff17480000 - 0x00007fff17489000 	C:\Users\lenovo\.openjfx\cache\17.0.6\msvcp140_1.dll
0x00007fff167d0000 - 0x00007fff167ff000 	C:\Users\lenovo\.openjfx\cache\17.0.6\msvcp140_2.dll
0x00007fff15d80000 - 0x00007fff15daa000 	C:\Users\lenovo\.openjfx\cache\17.0.6\prism_d3d.dll
0x00007ffece000000 - 0x00007ffece1ac000 	C:\WINDOWS\system32\d3d9.dll
0x00007fff24e10000 - 0x00007fff24e3e000 	C:\WINDOWS\SYSTEM32\dwmapi.dll
0x00007fff24e60000 - 0x00007fff24ea7000 	C:\WINDOWS\SYSTEM32\dxcore.dll
0x00007fff24af0000 - 0x00007fff24b9d000 	C:\WINDOWS\system32\uxtheme.dll
0x00007ffecdf30000 - 0x00007ffecdff5000 	C:\WINDOWS\SYSTEM32\d3d9on12.dll
0x00007fff24cc0000 - 0x00007fff24dec000 	C:\WINDOWS\SYSTEM32\dxgi.dll
0x00007ffed0540000 - 0x00007ffed0563000 	C:\WINDOWS\SYSTEM32\d3d12.dll
0x00007fff24c30000 - 0x00007fff24c8c000 	C:\WINDOWS\SYSTEM32\directxdatabasehelper.dll
0x00007fff278a0000 - 0x00007fff278ff000 	C:\WINDOWS\SYSTEM32\cfgmgr32.dll
0x00007ffecdcb0000 - 0x00007ffecdf23000 	C:\WINDOWS\SYSTEM32\D3D12Core.dll
0x00007ffed04d0000 - 0x00007ffed04f7000 	C:\Windows\System32\DriverStore\FileRepository\iigd_dch.inf_amd64_eda920e59b47f60f\igd12umd64.dll
0x00007ffebdd90000 - 0x00007ffebec8f000 	C:\Windows\System32\DriverStore\FileRepository\iigd_dch.inf_amd64_eda920e59b47f60f\igd12um64xel.dll
0x00007fff284c0000 - 0x00007fff28636000 	C:\WINDOWS\System32\CRYPT32.dll
0x00007fff27540000 - 0x00007fff27566000 	C:\WINDOWS\SYSTEM32\bcrypt.dll
0x00007ffeffeb0000 - 0x00007ffeffef5000 	C:\WINDOWS\SYSTEM32\ControlLib.dll
0x00007fff1e6d0000 - 0x00007fff1e75c000 	C:\Windows\System32\DriverStore\FileRepository\iigd_dch.inf_amd64_eda920e59b47f60f\IntelControlLib.dll
0x00007fff1e0c0000 - 0x00007fff1e4fb000 	C:\Windows\System32\DriverStore\FileRepository\iigd_dch.inf_amd64_eda920e59b47f60f\igdgmm64.dll
0x00007fff1a1f0000 - 0x00007fff1e0bb000 	C:\Windows\System32\DriverStore\FileRepository\iigd_dch.inf_amd64_eda920e59b47f60f\igc64.dll
0x00007fff273b0000 - 0x00007fff273cc000 	C:\WINDOWS\SYSTEM32\CRYPTSP.dll
0x00007fff26a70000 - 0x00007fff26aa8000 	C:\WINDOWS\system32\rsaenh.dll
0x00007fff270a0000 - 0x00007fff270cb000 	C:\WINDOWS\SYSTEM32\USERENV.dll
0x00007fff27230000 - 0x00007fff2723c000 	C:\WINDOWS\SYSTEM32\CRYPTBASE.dll
0x00007ffecfa80000 - 0x00007ffecfaae000 	C:\WINDOWS\SYSTEM32\D3DSCache.dll
0x00007ffec7a20000 - 0x00007ffec7d19000 	C:\Windows\System32\DriverStore\FileRepository\iigd_dch.inf_amd64_eda920e59b47f60f\igd12dxva64.dll
0x00007fff290e0000 - 0x00007fff29566000 	C:\WINDOWS\System32\SETUPAPI.dll

dbghelp: loaded successfully - version: 4.0.5 - missing functions: none
symbol engine: initialized successfully - sym options: 0x614 - pdb path: .;C:\Users\lenovo\.jdks\openjdk-23.0.2\bin;C:\WINDOWS\SYSTEM32;C:\WINDOWS\WinSxS\amd64_microsoft.windows.common-controls_6595b64144ccf1df_6.0.26100.3037_none_3e09262ce333c378;C:\Users\lenovo\.jdks\openjdk-23.0.2\bin\server;C:\Program Files\JetBrains\IntelliJ IDEA 2024.2.0.2\bin;C:\Users\lenovo\.openjfx\cache\17.0.6;C:\Windows\System32\DriverStore\FileRepository\iigd_dch.inf_amd64_eda920e59b47f60f;C:\Program Files\Common Files\Microsoft Shared\Ink

VM Arguments:
jvm_args: -javaagent:C:\Program Files\JetBrains\IntelliJ IDEA 2024.2.0.2\lib\idea_rt.jar=10549:C:\Program Files\JetBrains\IntelliJ IDEA 2024.2.0.2\bin -Dfile.encoding=UTF-8 -Dsun.stdout.encoding=UTF-8 -Dsun.stderr.encoding=UTF-8 --module-path=C:\Users\lenovo\.m2\repository\com\github\almasb\fxgl\17.3\fxgl-17.3.jar;C:\Users\lenovo\.m2\repository\org\openjfx\javafx-base\17.0.6\javafx-base-17.0.6-win.jar;C:\Users\lenovo\.m2\repository\org\kordamp\bootstrapfx\bootstrapfx-core\0.4.0\bootstrapfx-core-0.4.0.jar;C:\Users\lenovo\.m2\repository\net\synedra\validatorfx\0.5.0\validatorfx-0.5.0.jar;C:\Users\lenovo\.m2\repository\org\openjfx\javafx-web\17.0.6\javafx-web-17.0.6-win.jar;C:\Users\lenovo\.m2\repository\org\openjfx\javafx-fxml\17.0.6\javafx-fxml-17.0.6-win.jar;C:\Users\lenovo\.m2\repository\org\openjfx\javafx-swing\17.0.6\javafx-swing-17.0.6-win.jar;C:\Users\lenovo\.m2\repository\com\github\almasb\fxgl-io\17.3\fxgl-io-17.3.jar;C:\Users\lenovo\.m2\repository\org\jetbrains\kotlin\kotlin-stdlib\1.8.10\kotlin-stdlib-1.8.10.jar;C:\Users\lenovo\.m2\repository\com\dlsc\formsfx\formsfx-core\11.6.0\formsfx-core-11.6.0.jar;C:\Users\lenovo\.m2\repository\org\kordamp\ikonli\ikonli-javafx\12.3.1\ikonli-javafx-12.3.1.jar;C:\Users\lenovo\.m2\repository\eu\hansolo\toolbox\21.0.5\toolbox-21.0.5.jar;C:\Users\lenovo\.m2\repository\com\gluonhq\attach\audio\4.0.17\audio-4.0.17.jar;C:\Users\lenovo\.m2\repository\org\openjfx\javafx-controls\17.0.6\javafx-controls-17.0.6-win.jar;C:\Users\lenovo\.m2\repository\org\controlsfx\controlsfx\11.2.1\controlsfx-11.2.1.jar;C:\Users\lenovo\.m2\repository\com\fasterxml\jackson\core\jackson-annotations\2.14.2\jackson-annotations-2.14.2.jar;C:\Users\lenovo\Desktop\Zero_To_Hero\target\classes;C:\Users\lenovo\.m2\repository\org\kordamp\ikonli\ikonli-core\12.3.1\ikonli-core-12.3.1.jar;C:\Users\lenovo\.m2\repository\eu\hansolo\fx\countries\21.0.3\countries-21.0.3.jar;C:\Users\lenovo\.m2\repository\org\openjfx\javafx-graphics\17.0.6\javafx-graphics-17.0.6-win.jar;C:\Users\lenovo\.m2\repository\com\gluonhq\attach\storage\4.0.17\storage-4.0.17.jar;C:\Users\lenovo\.m2\repository\com\fasterxml\jackson\core\jackson-databind\2.14.2\jackson-databind-2.14.2.jar;C:\Users\lenovo\.m2\repository-Djdk.module.main=quizzapp.zero_to_hero 
java_command: quizzapp.zero_to_hero/quizzapp.zero_to_hero.Quiz
java_class_path (initial): C:\Users\lenovo\.m2\repository\org\openjfx\javafx-controls\17.0.6\javafx-controls-17.0.6.jar;C:\Users\lenovo\.m2\repository\org\openjfx\javafx-graphics\17.0.6\javafx-graphics-17.0.6.jar;C:\Users\lenovo\.m2\repository\org\openjfx\javafx-base\17.0.6\javafx-base-17.0.6.jar;C:\Users\lenovo\.m2\repository\org\openjfx\javafx-fxml\17.0.6\javafx-fxml-17.0.6.jar;C:\Users\lenovo\.m2\repository\org\openjfx\javafx-web\17.0.6\javafx-web-17.0.6.jar;C:\Users\lenovo\.m2\repository\org\openjfx\javafx-swing\17.0.6\javafx-swing-17.0.6.jar;C:\Users\lenovo\.m2\repository\org\openjfx\javafx-media\17.0.6\javafx-media-17.0.6.jar;C:\Users\lenovo\.m2\repository\org\jetbrains\kotlin\kotlin-stdlib-common\1.8.10\kotlin-stdlib-common-1.8.10.jar;C:\Users\lenovo\.m2\repository\org\jetbrains\annotations\13.0\annotations-13.0.jar
Launcher Type: SUN_STANDARD

[Global flags]
     intx CICompilerCount                          = 4                                         {product} {ergonomic}
     uint ConcGCThreads                            = 3                                         {product} {ergonomic}
     uint G1ConcRefinementThreads                  = 10                                        {product} {ergonomic}
   size_t G1HeapRegionSize                         = 2097152                                   {product} {ergonomic}
   size_t InitialHeapSize                          = 264241152                                 {product} {ergonomic}
   size_t MarkStackSize                            = 4194304                                   {product} {ergonomic}
   size_t MarkStackSizeMax                         = 536870912                                 {product} {ergonomic}
   size_t MaxHeapSize                              = 4215275520                                {product} {ergonomic}
   size_t MaxNewSize                               = 2529165312                                {product} {ergonomic}
   size_t MinHeapDeltaBytes                        = 2097152                                   {product} {ergonomic}
   size_t MinHeapSize                              = 8388608                                   {product} {ergonomic}
    uintx NonNMethodCodeHeapSize                   = 5832704                                {pd product} {ergonomic}
    uintx NonProfiledCodeHeapSize                  = 122945536                              {pd product} {ergonomic}
    uintx ProfiledCodeHeapSize                     = 122880000                              {pd product} {ergonomic}
    uintx ReservedCodeCacheSize                    = 251658240                              {pd product} {ergonomic}
     bool SegmentedCodeCache                       = true                                      {product} {ergonomic}
   size_t SoftMaxHeapSize                          = 4215275520                             {manageable} {ergonomic}
     bool UseCompressedOops                        = true                           {product lp64_product} {ergonomic}
     bool UseG1GC                                  = true                                      {product} {ergonomic}
     bool UseLargePagesIndividualAllocation        = false                                  {pd product} {ergonomic}

Logging:
Log output configuration:
 #0: stdout all=warning uptime,level,tags foldmultilines=false
 #1: stderr all=off uptime,level,tags foldmultilines=false

Environment Variables:
JAVA_HOME="C:\Program Files\Java\jdk-23"
PATH=C:\Program Files (x86)\VMware\VMware Player\bin\;C:\Program Files\Common Files\Oracle\Java\javapath;C:\WINDOWS\system32;C:\WINDOWS;C:\WINDOWS\System32\Wbem;C:\WINDOWS\System32\WindowsPowerShell\v1.0\;C:\WINDOWS\System32\OpenSSH\;C:\Program Files\nodejs\;C:\Program Files\PuTTY\;C:\Program Files\Git\cmd;C:\ffmpeg\bin;;c:\Users\lenovo\Desktop\cursor\resources\app\bin;C:\Program Files\dotnet\;C:\Program Files (x86)\VMware\VMware Player\bin\;C:\Program Files\Common Files\Oracle\Java\javapath;C:\WINDOWS\system32;C:\WINDOWS;C:\WINDOWS\System32\Wbem;C:\WINDOWS\System32\WindowsPowerShell\v1.0\;C:\WINDOWS\System32\OpenSSH\;C:\Program Files\nodejs\;C:\Program Files\PuTTY\;C:\Program Files\Git\cmd;C:\Users\lenovo\AppData\Local\Programs\Python\Launcher\;C:\Users\lenovo\AppData\Local\Microsoft\WindowsApps;C:\Users\lenovo\AppData\Local\Programs\Microsoft VS Code\bin;C:\Users\lenovo\AppData\Roaming\npm;C:\Users\lenovo\Desktop\USEK\Coding folders (eclipse, VSC...)\IntelliJ IDEA\IntelliJ IDEA Community Edition 2024.2.3\bin;;C:\Program Files\Java\jdk-23\bin;C:\Program Files (x86)\Nmap;;C:\Users\lenovo\Downloads\apache-maven-3.9.9\bin;C:\Users\lenovo\Desktop\cursor\resources\app\bin;C:\Users\lenovo\AppData\Local\Muse Hub\lib
USERNAME=lenovo
OS=Windows_NT
PROCESSOR_IDENTIFIER=Intel64 Family 6 Model 154 Stepping 3, GenuineIntel
TMP=C:\Users\lenovo\AppData\Local\Temp
TEMP=C:\Users\lenovo\AppData\Local\Temp




Periodic native trim disabled

---------------  S Y S T E M  ---------------

OS:
 Windows 11 , 64 bit Build 26100 (10.0.26100.3037)
OS uptime: 5 days 2:07 hours
Hyper-V role detected

CPU: total 12 (initial active 12) (6 cores per cpu, 2 threads per core) family 6 model 154 stepping 3 microcode 0x429, cx8, cmov, fxsr, ht, mmx, 3dnowpref, sse, sse2, sse3, ssse3, sse4.1, sse4.2, popcnt, lzcnt, tsc, tscinvbit, avx, avx2, aes, erms, clmul, bmi1, bmi2, adx, sha, fma, vzeroupper, clflush, clflushopt, clwb, hv, serialize, rdtscp, rdpid, fsrm, gfni, f16c, cet_ibt, cet_ss
Processor Information for processor 0
  Max Mhz: 2000, Current Mhz: 2000, Mhz Limit: 2000
Processor Information for processor 1
  Max Mhz: 2000, Current Mhz: 2000, Mhz Limit: 2000
Processor Information for processor 2
  Max Mhz: 2000, Current Mhz: 2000, Mhz Limit: 2000
Processor Information for processor 3
  Max Mhz: 2000, Current Mhz: 2000, Mhz Limit: 2000
Processor Information for processor 4
  Max Mhz: 2000, Current Mhz: 2000, Mhz Limit: 2000
Processor Information for processor 5
  Max Mhz: 2000, Current Mhz: 2000, Mhz Limit: 2000
Processor Information for processor 6
  Max Mhz: 2000, Current Mhz: 2000, Mhz Limit: 2000
Processor Information for processor 7
  Max Mhz: 2000, Current Mhz: 2000, Mhz Limit: 2000
Processor Information for processor 8
  Max Mhz: 2000, Current Mhz: 1500, Mhz Limit: 1500
Processor Information for processor 9
  Max Mhz: 2000, Current Mhz: 1500, Mhz Limit: 1500
Processor Information for processor 10
  Max Mhz: 2000, Current Mhz: 1500, Mhz Limit: 1500
Processor Information for processor 11
  Max Mhz: 2000, Current Mhz: 1500, Mhz Limit: 1500

Memory: 4k page, system-wide physical 16076M (896M free)
TotalPageFile size 46796M (AvailPageFile size 321M)
current process WorkingSet (physical memory assigned to process): 272M, peak: 272M
current process commit charge ("private bytes"): 664M, peak: 1059M

vm_info: OpenJDK 64-Bit Server VM (23.0.2+7-58) for windows-amd64 JRE (23.0.2+7-58), built on 2024-11-29T09:34:55Z with MS VC++ 17.6 (VS2022)

END.
